This file contains any messages produced by compilers while
running configure, to aid debugging if configure makes a mistake.

It was created by sleuthkit configure 4.14.0, which was
generated by GNU Autoconf 2.72.  Invocation command line was

  $ configure --disable-java --disable-multithreading --without-afflib --without-libbfio --without-libcrypto --without-libewf --without-libvhdi --without-libvmdk --without-libvslvm --without-zlib

## --------- ##
## Platform. ##
## --------- ##

hostname = morty
uname -m = x86_64
uname -r = 6.15.4-100.fc41.x86_64
uname -s = Linux
uname -v = #1 SMP PREEMPT_DYNAMIC Fri Jun 27 15:49:11 UTC 2025

/usr/bin/uname -p = unknown
/bin/uname -X     = unknown

/bin/arch              = x86_64
/usr/bin/arch -k       = unknown
/usr/convex/getsysinfo = unknown
/usr/bin/hostinfo      = unknown
/bin/machine           = unknown
/usr/bin/oslevel       = unknown
/bin/universe          = unknown

PATH: /home/lordyesta/Projects/pytsk/.tox/py313/bin/
PATH: /home/lordyesta/.local/bin/
PATH: /home/lordyesta/bin/
PATH: /usr/local/bin/
PATH: /usr/local/sbin/
PATH: /usr/bin/
PATH: /usr/sbin/


## ----------- ##
## Core tests. ##
## ----------- ##

configure:3011: looking for aux files: compile config.guess config.sub ltmain.sh missing install-sh
configure:3024:  trying ./config/
configure:3053:   ./config/compile found
configure:3053:   ./config/config.guess found
configure:3053:   ./config/config.sub found
configure:3053:   ./config/ltmain.sh found
configure:3053:   ./config/missing found
configure:3035:   ./config/install-sh found
configure:3454: checking for a BSD-compatible install
configure:3528: result: /usr/bin/install -c
configure:3539: checking whether build environment is sane
configure:3594: result: yes
configure:3755: checking for a race-free mkdir -p
configure:3798: result: /usr/bin/mkdir -p
configure:3805: checking for gawk
configure:3826: found /usr/bin/gawk
configure:3838: result: gawk
configure:3849: checking whether make sets $(MAKE)
configure:3873: result: yes
configure:3903: checking whether make supports nested variables
configure:3922: result: yes
configure:4007: checking whether UID '1000' is supported by ustar format
configure:4010: result: yes
configure:4017: checking whether GID '1000' is supported by ustar format
configure:4020: result: yes
configure:4028: checking how to create a ustar tar archive
configure:4039: tar --version
tar (GNU tar) 1.35
Copyright (C) 2023 Free Software Foundation, Inc.
License GPLv3+: GNU GPL version 3 or later <https://gnu.org/licenses/gpl.html>.
This is free software: you are free to change and redistribute it.
There is NO WARRANTY, to the extent permitted by law.

Written by John Gilmore and Jay Fenlason.
configure:4042: $? = 0
configure:4082: tardir=conftest.dir && eval tar --format=ustar -chf - "$tardir" >conftest.tar
configure:4085: $? = 0
configure:4089: tar -xf - <conftest.tar
configure:4092: $? = 0
configure:4094: cat conftest.dir/file
GrepMe
configure:4097: $? = 0
configure:4112: result: gnutar
configure:4214: checking for cppunit-config
configure:4251: result: no
configure:4261: checking for Cppunit - version >= 1.12.1
configure:4265: result: no
configure:4367: checking build system type
configure:4383: result: x86_64-pc-linux-gnu
configure:4403: checking host system type
configure:4418: result: x86_64-pc-linux-gnu
configure:4459: checking how to print strings
configure:4486: result: printf
configure:4520: checking whether make supports the include directive
configure:4535: make -f confmf.GNU && cat confinc.out
this is the am__doit target
configure:4538: $? = 0
configure:4557: result: yes (GNU style)
configure:4634: checking for gcc
configure:4655: found /usr/bin/gcc
configure:4667: result: gcc
configure:5026: checking for C compiler version
configure:5035: gcc --version >&5
gcc (GCC) 14.3.1 20250523 (Red Hat 14.3.1-1)
Copyright (C) 2024 Free Software Foundation, Inc.
This is free software; see the source for copying conditions.  There is NO
warranty; not even for MERCHANTABILITY or FITNESS FOR A PARTICULAR PURPOSE.

configure:5046: $? = 0
configure:5035: gcc -v >&5
Using built-in specs.
COLLECT_GCC=gcc
COLLECT_LTO_WRAPPER=/usr/libexec/gcc/x86_64-redhat-linux/14/lto-wrapper
OFFLOAD_TARGET_NAMES=nvptx-none:amdgcn-amdhsa
OFFLOAD_TARGET_DEFAULT=1
Target: x86_64-redhat-linux
Configured with: ../configure --enable-bootstrap --enable-languages=c,c++,fortran,objc,obj-c++,ada,go,d,m2,lto --prefix=/usr --mandir=/usr/share/man --infodir=/usr/share/info --with-bugurl=http://bugzilla.redhat.com/bugzilla --enable-shared --enable-threads=posix --enable-checking=release --enable-multilib --with-system-zlib --enable-__cxa_atexit --disable-libunwind-exceptions --enable-gnu-unique-object --enable-linker-build-id --with-gcc-major-version-only --enable-libstdcxx-backtrace --with-libstdcxx-zoneinfo=/usr/share/zoneinfo --with-linker-hash-style=gnu --enable-plugin --enable-initfini-array --with-isl=/builddir/build/BUILD/gcc-14.3.1-build/gcc-14.3.1-20250523/obj-x86_64-redhat-linux/isl-install --enable-offload-targets=nvptx-none,amdgcn-amdhsa --enable-offload-defaulted --without-cuda-driver --enable-gnu-indirect-function --enable-cet --with-tune=generic --with-arch_32=i686 --build=x86_64-redhat-linux --with-build-config=bootstrap-lto --enable-link-serialization=1
Thread model: posix
Supported LTO compression algorithms: zlib zstd
gcc version 14.3.1 20250523 (Red Hat 14.3.1-1) (GCC) 
... rest of stderr output deleted ...
configure:5046: $? = 0
configure:5035: gcc -V >&5
gcc: error: unrecognized command-line option '-V'
gcc: fatal error: no input files
compilation terminated.
configure:5046: $? = 1
configure:5035: gcc -qversion >&5
gcc: error: unrecognized command-line option '-qversion'; did you mean '--version'?
gcc: fatal error: no input files
compilation terminated.
configure:5046: $? = 1
configure:5035: gcc -version >&5
gcc: error: unrecognized command-line option '-version'
gcc: fatal error: no input files
compilation terminated.
configure:5046: $? = 1
configure:5066: checking whether the C compiler works
configure:5088: gcc    conftest.c  >&5
configure:5092: $? = 0
configure:5143: result: yes
configure:5147: checking for C compiler default output file name
configure:5149: result: a.out
configure:5155: checking for suffix of executables
configure:5162: gcc -o conftest    conftest.c  >&5
configure:5166: $? = 0
configure:5190: result: 
configure:5214: checking whether we are cross compiling
configure:5222: gcc -o conftest    conftest.c  >&5
configure:5226: $? = 0
configure:5233: ./conftest
configure:5237: $? = 0
configure:5252: result: no
configure:5258: checking for suffix of object files
configure:5281: gcc -c   conftest.c >&5
configure:5285: $? = 0
configure:5309: result: o
configure:5313: checking whether the compiler supports GNU C
configure:5333: gcc -c   conftest.c >&5
configure:5333: $? = 0
configure:5345: result: yes
configure:5356: checking whether gcc accepts -g
configure:5377: gcc -c -g  conftest.c >&5
configure:5377: $? = 0
configure:5424: result: yes
configure:5444: checking for gcc option to enable C11 features
configure:5459: gcc  -c -g -O2  conftest.c >&5
configure:5459: $? = 0
configure:5478: result: none needed
configure:5602: checking whether gcc understands -c and -o together
configure:5625: gcc -c conftest.c -o conftest2.o
configure:5628: $? = 0
configure:5625: gcc -c conftest.c -o conftest2.o
configure:5628: $? = 0
configure:5641: result: yes
configure:5660: checking dependency style of gcc
configure:5773: result: gcc3
configure:5788: checking for a sed that does not truncate output
configure:5860: result: /usr/bin/sed
configure:5878: checking for grep that handles long lines and -e
configure:5944: result: /usr/bin/grep
configure:5949: checking for egrep
configure:6019: result: /usr/bin/grep -E
configure:6026: checking for fgrep
configure:6096: result: /usr/bin/grep -F
configure:6133: checking for ld used by gcc
configure:6202: result: /usr/bin/ld
configure:6209: checking if the linker (/usr/bin/ld) is GNU ld
configure:6226: result: yes
configure:6238: checking for BSD- or MS-compatible name lister (nm)
configure:6294: result: /usr/bin/nm -B
configure:6436: checking the name lister (/usr/bin/nm -B) interface
configure:6444: gcc -c -g -O2  conftest.c >&5
configure:6447: /usr/bin/nm -B "conftest.o"
configure:6450: output
0000000000000000 B some_variable
configure:6458: result: BSD nm
configure:6461: checking whether ln -s works
configure:6465: result: yes
configure:6473: checking the maximum length of command line arguments
configure:6606: result: 1572864
configure:6654: checking how to convert x86_64-pc-linux-gnu file names to x86_64-pc-linux-gnu format
configure:6696: result: func_convert_file_noop
configure:6703: checking how to convert x86_64-pc-linux-gnu file names to toolchain format
configure:6725: result: func_convert_file_noop
configure:6732: checking for /usr/bin/ld option to reload object files
configure:6741: result: -r
configure:6821: checking for file
configure:6842: found /usr/bin/file
configure:6854: result: file
configure:6931: checking for objdump
configure:6952: found /usr/bin/objdump
configure:6964: result: objdump
configure:6996: checking how to recognize dependent libraries
configure:7198: result: pass_all
configure:7289: checking for dlltool
configure:7325: result: no
configure:7355: checking how to associate runtime and link libraries
configure:7384: result: printf %s\n
configure:7451: checking for ar
configure:7472: found /usr/bin/ar
configure:7484: result: ar
configure:7537: checking for archiver @FILE support
configure:7555: gcc -c -g -O2  conftest.c >&5
configure:7555: $? = 0
configure:7559: ar cr libconftest.a @conftest.lst >&5
configure:7562: $? = 0
configure:7567: ar cr libconftest.a @conftest.lst >&5
ar: conftest.o: No such file or directory
configure:7570: $? = 1
configure:7583: result: @
configure:7647: checking for strip
configure:7668: found /usr/bin/strip
configure:7680: result: strip
configure:7758: checking for ranlib
configure:7779: found /usr/bin/ranlib
configure:7791: result: ranlib
configure:7893: checking command to parse /usr/bin/nm -B output from gcc object
configure:8047: gcc -c -g -O2  conftest.c >&5
configure:8050: $? = 0
configure:8054: /usr/bin/nm -B conftest.o \| /usr/bin/sed -n -e 's/^.*[ ]\([ABCDGIRSTW][ABCDGIRSTW]*\)[ ][ ]*\([_A-Za-z][_A-Za-z0-9]*\)$/\1 \2 \2/p' | /usr/bin/sed '/ __gnu_lto/d' \> conftest.nm
configure:8057: $? = 0
configure:8123: gcc -o conftest -g -O2   conftest.c conftstm.o >&5
configure:8126: $? = 0
configure:8165: result: ok
configure:8212: checking for sysroot
configure:8244: result: no
configure:8251: checking for a working dd
configure:8296: result: /usr/bin/dd
configure:8300: checking how to truncate binary pipes
configure:8317: result: /usr/bin/dd bs=4096 count=1
configure:8454: gcc -c -g -O2  conftest.c >&5
configure:8457: $? = 0
configure:8657: checking for mt
configure:8693: result: no
configure:8713: checking if : is a manifest tool
configure:8720: : '-?'
configure:8729: result: no
configure:9468: checking for stdio.h
configure:9468: gcc -c -g -O2  conftest.c >&5
configure:9468: $? = 0
configure:9468: result: yes
configure:9468: checking for stdlib.h
configure:9468: gcc -c -g -O2  conftest.c >&5
configure:9468: $? = 0
configure:9468: result: yes
configure:9468: checking for string.h
configure:9468: gcc -c -g -O2  conftest.c >&5
configure:9468: $? = 0
configure:9468: result: yes
configure:9468: checking for inttypes.h
configure:9468: gcc -c -g -O2  conftest.c >&5
configure:9468: $? = 0
configure:9468: result: yes
configure:9468: checking for stdint.h
configure:9468: gcc -c -g -O2  conftest.c >&5
configure:9468: $? = 0
configure:9468: result: yes
configure:9468: checking for strings.h
configure:9468: gcc -c -g -O2  conftest.c >&5
configure:9468: $? = 0
configure:9468: result: yes
configure:9468: checking for sys/stat.h
configure:9468: gcc -c -g -O2  conftest.c >&5
configure:9468: $? = 0
configure:9468: result: yes
configure:9468: checking for sys/types.h
configure:9468: gcc -c -g -O2  conftest.c >&5
configure:9468: $? = 0
configure:9468: result: yes
configure:9468: checking for unistd.h
configure:9468: gcc -c -g -O2  conftest.c >&5
configure:9468: $? = 0
configure:9468: result: yes
configure:9468: checking for sys/select.h
configure:9468: gcc -c -g -O2  conftest.c >&5
configure:9468: $? = 0
configure:9468: result: yes
configure:9468: checking for sys/socket.h
configure:9468: gcc -c -g -O2  conftest.c >&5
configure:9468: $? = 0
configure:9468: result: yes
configure:9468: checking for utime.h
configure:9468: gcc -c -g -O2  conftest.c >&5
configure:9468: $? = 0
configure:9468: result: yes
configure:9493: checking for dlfcn.h
configure:9493: gcc -c -g -O2  conftest.c >&5
configure:9493: $? = 0
configure:9493: result: yes
configure:9758: checking for objdir
configure:9775: result: .libs
configure:10037: checking if gcc supports -fno-rtti -fno-exceptions
configure:10056: gcc -c -g -O2  -fno-rtti -fno-exceptions conftest.c >&5
cc1: warning: command-line option '-fno-rtti' is valid for C++/D/ObjC++ but not for C
configure:10060: $? = 0
configure:10074: result: no
configure:10432: checking for gcc option to produce PIC
configure:10441: result: -fPIC -DPIC
configure:10449: checking if gcc PIC flag -fPIC -DPIC works
configure:10468: gcc -c -g -O2  -fPIC -DPIC -DPIC conftest.c >&5
configure:10472: $? = 0
configure:10486: result: yes
configure:10515: checking if gcc static flag -static works
configure:10545: result: no
configure:10560: checking if gcc supports -c -o file.o
configure:10582: gcc -c -g -O2  -o out/conftest2.o conftest.c >&5
configure:10586: $? = 0
configure:10609: result: yes
configure:10617: checking if gcc supports -c -o file.o
configure:10666: result: yes
configure:10699: checking whether the gcc linker (/usr/bin/ld -m elf_x86_64) supports shared libraries
configure:11972: result: yes
configure:12009: checking whether -lc should be explicitly linked in
configure:12018: gcc -c -g -O2  conftest.c >&5
configure:12021: $? = 0
configure:12036: gcc -shared  -fPIC -DPIC conftest.o  -v -Wl,-soname -Wl,conftest -o conftest 2\>\&1 \| /usr/bin/grep  -lc  \>/dev/null 2\>\&1
configure:12039: $? = 0
configure:12054: result: no
configure:12214: checking dynamic linker characteristics
configure:12796: gcc -o conftest -g -O2   -Wl,-rpath -Wl,/foo conftest.c  >&5
configure:12796: $? = 0
configure:13039: result: GNU/Linux ld.so
configure:13161: checking how to hardcode library paths into programs
configure:13186: result: immediate
configure:13786: checking whether stripping libraries is possible
configure:13795: result: yes
configure:13837: checking if libtool supports shared libraries
configure:13839: result: yes
configure:13842: checking whether to build shared libraries
configure:13867: result: yes
configure:13870: checking whether to build static libraries
configure:13874: result: yes
configure:13912: checking whether to enable maintainer-specific portions of Makefiles
configure:13923: result: no
configure:14008: checking for g++
configure:14029: found /usr/bin/g++
configure:14041: result: g++
configure:14068: checking for C++ compiler version
configure:14077: g++ --version >&5
g++ (GCC) 14.3.1 20250523 (Red Hat 14.3.1-1)
Copyright (C) 2024 Free Software Foundation, Inc.
This is free software; see the source for copying conditions.  There is NO
warranty; not even for MERCHANTABILITY or FITNESS FOR A PARTICULAR PURPOSE.

configure:14088: $? = 0
configure:14077: g++ -v >&5
Using built-in specs.
COLLECT_GCC=g++
COLLECT_LTO_WRAPPER=/usr/libexec/gcc/x86_64-redhat-linux/14/lto-wrapper
OFFLOAD_TARGET_NAMES=nvptx-none:amdgcn-amdhsa
OFFLOAD_TARGET_DEFAULT=1
Target: x86_64-redhat-linux
Configured with: ../configure --enable-bootstrap --enable-languages=c,c++,fortran,objc,obj-c++,ada,go,d,m2,lto --prefix=/usr --mandir=/usr/share/man --infodir=/usr/share/info --with-bugurl=http://bugzilla.redhat.com/bugzilla --enable-shared --enable-threads=posix --enable-checking=release --enable-multilib --with-system-zlib --enable-__cxa_atexit --disable-libunwind-exceptions --enable-gnu-unique-object --enable-linker-build-id --with-gcc-major-version-only --enable-libstdcxx-backtrace --with-libstdcxx-zoneinfo=/usr/share/zoneinfo --with-linker-hash-style=gnu --enable-plugin --enable-initfini-array --with-isl=/builddir/build/BUILD/gcc-14.3.1-build/gcc-14.3.1-20250523/obj-x86_64-redhat-linux/isl-install --enable-offload-targets=nvptx-none,amdgcn-amdhsa --enable-offload-defaulted --without-cuda-driver --enable-gnu-indirect-function --enable-cet --with-tune=generic --with-arch_32=i686 --build=x86_64-redhat-linux --with-build-config=bootstrap-lto --enable-link-serialization=1
Thread model: posix
Supported LTO compression algorithms: zlib zstd
gcc version 14.3.1 20250523 (Red Hat 14.3.1-1) (GCC) 
... rest of stderr output deleted ...
configure:14088: $? = 0
configure:14077: g++ -V >&5
g++: error: unrecognized command-line option '-V'
g++: fatal error: no input files
compilation terminated.
configure:14088: $? = 1
configure:14077: g++ -qversion >&5
g++: error: unrecognized command-line option '-qversion'; did you mean '--version'?
g++: fatal error: no input files
compilation terminated.
configure:14088: $? = 1
configure:14092: checking whether the compiler supports GNU C++
configure:14112: g++ -c   conftest.cpp >&5
configure:14112: $? = 0
configure:14124: result: yes
configure:14135: checking whether g++ accepts -g
configure:14156: g++ -c -g  conftest.cpp >&5
configure:14156: $? = 0
configure:14203: result: yes
configure:14223: checking for g++ option to enable C++11 features
configure:14238: g++  -c -g -O2  conftest.cpp >&5
conftest.cpp: In function 'int main(int, char**)':
conftest.cpp:192:25: warning: empty parentheses were disambiguated as a function declaration [-Wvexing-parse]
  192 |   cxx11test::delegate d2();
      |                         ^~
conftest.cpp:192:25: note: remove parentheses to default-initialize a variable
  192 |   cxx11test::delegate d2();
      |                         ^~
      |                         --
conftest.cpp:192:25: note: or replace parentheses with braces to value-initialize a variable
configure:14238: $? = 0
configure:14257: result: none needed
configure:14328: checking dependency style of g++
configure:14441: result: gcc3
configure:14474: checking how to run the C++ preprocessor
configure:14496: g++ -E  conftest.cpp
configure:14496: $? = 0
configure:14512: g++ -E  conftest.cpp
conftest.cpp:26:10: fatal error: ac_nonexistent.h: No such file or directory
   26 | #include <ac_nonexistent.h>
      |          ^~~~~~~~~~~~~~~~~~
compilation terminated.
configure:14512: $? = 1
configure: failed program was:
| /* confdefs.h */
| #define PACKAGE_NAME "sleuthkit"
| #define PACKAGE_TARNAME "sleuthkit"
| #define PACKAGE_VERSION "4.14.0"
| #define PACKAGE_STRING "sleuthkit 4.14.0"
| #define PACKAGE_BUGREPORT ""
| #define PACKAGE_URL ""
| #define PACKAGE "sleuthkit"
| #define VERSION "4.14.0"
| #define HAVE_STDIO_H 1
| #define HAVE_STDLIB_H 1
| #define HAVE_STRING_H 1
| #define HAVE_INTTYPES_H 1
| #define HAVE_STDINT_H 1
| #define HAVE_STRINGS_H 1
| #define HAVE_SYS_STAT_H 1
| #define HAVE_SYS_TYPES_H 1
| #define HAVE_UNISTD_H 1
| #define HAVE_SYS_SELECT_H 1
| #define HAVE_SYS_SOCKET_H 1
| #define HAVE_UTIME_H 1
| #define STDC_HEADERS 1
| #define HAVE_DLFCN_H 1
| #define LT_OBJDIR ".libs/"
| /* end confdefs.h.  */
| #include <ac_nonexistent.h>
configure:14541: result: g++ -E
configure:14555: g++ -E  conftest.cpp
configure:14555: $? = 0
configure:14571: g++ -E  conftest.cpp
conftest.cpp:26:10: fatal error: ac_nonexistent.h: No such file or directory
   26 | #include <ac_nonexistent.h>
      |          ^~~~~~~~~~~~~~~~~~
compilation terminated.
configure:14571: $? = 1
configure: failed program was:
| /* confdefs.h */
| #define PACKAGE_NAME "sleuthkit"
| #define PACKAGE_TARNAME "sleuthkit"
| #define PACKAGE_VERSION "4.14.0"
| #define PACKAGE_STRING "sleuthkit 4.14.0"
| #define PACKAGE_BUGREPORT ""
| #define PACKAGE_URL ""
| #define PACKAGE "sleuthkit"
| #define VERSION "4.14.0"
| #define HAVE_STDIO_H 1
| #define HAVE_STDLIB_H 1
| #define HAVE_STRING_H 1
| #define HAVE_INTTYPES_H 1
| #define HAVE_STDINT_H 1
| #define HAVE_STRINGS_H 1
| #define HAVE_SYS_STAT_H 1
| #define HAVE_SYS_TYPES_H 1
| #define HAVE_UNISTD_H 1
| #define HAVE_SYS_SELECT_H 1
| #define HAVE_SYS_SOCKET_H 1
| #define HAVE_UTIME_H 1
| #define STDC_HEADERS 1
| #define HAVE_DLFCN_H 1
| #define LT_OBJDIR ".libs/"
| /* end confdefs.h.  */
| #include <ac_nonexistent.h>
configure:14739: checking for ld used by g++
configure:14808: result: /usr/bin/ld -m elf_x86_64
configure:14815: checking if the linker (/usr/bin/ld -m elf_x86_64) is GNU ld
configure:14832: result: yes
configure:14887: checking whether the g++ linker (/usr/bin/ld -m elf_x86_64) supports shared libraries
configure:15967: result: yes
configure:16003: g++ -c -g -O2  conftest.cpp >&5
configure:16006: $? = 0
configure:16487: checking for g++ option to produce PIC
configure:16496: result: -fPIC -DPIC
configure:16504: checking if g++ PIC flag -fPIC -DPIC works
configure:16523: g++ -c -g -O2  -fPIC -DPIC -DPIC conftest.cpp >&5
configure:16527: $? = 0
configure:16541: result: yes
configure:16564: checking if g++ static flag -static works
configure:16594: result: no
configure:16606: checking if g++ supports -c -o file.o
configure:16628: g++ -c -g -O2  -o out/conftest2.o conftest.cpp >&5
configure:16632: $? = 0
configure:16655: result: yes
configure:16660: checking if g++ supports -c -o file.o
configure:16709: result: yes
configure:16739: checking whether the g++ linker (/usr/bin/ld -m elf_x86_64) supports shared libraries
configure:16779: result: yes
configure:16922: checking dynamic linker characteristics
configure:17674: result: GNU/Linux ld.so
configure:17739: checking how to hardcode library paths into programs
configure:17764: result: immediate
configure:17818: checking whether g++ supports C++14 features with -std=c++14
configure:18237: g++ -std=c++14 -c -g -O2  conftest.cpp >&5
configure:18237: $? = 0
configure:18249: result: yes
configure:18342: checking for gcc
configure:18375: result: gcc
configure:18734: checking for C compiler version
configure:18743: gcc --version >&5
gcc (GCC) 14.3.1 20250523 (Red Hat 14.3.1-1)
Copyright (C) 2024 Free Software Foundation, Inc.
This is free software; see the source for copying conditions.  There is NO
warranty; not even for MERCHANTABILITY or FITNESS FOR A PARTICULAR PURPOSE.

configure:18754: $? = 0
configure:18743: gcc -v >&5
Using built-in specs.
COLLECT_GCC=gcc
COLLECT_LTO_WRAPPER=/usr/libexec/gcc/x86_64-redhat-linux/14/lto-wrapper
OFFLOAD_TARGET_NAMES=nvptx-none:amdgcn-amdhsa
OFFLOAD_TARGET_DEFAULT=1
Target: x86_64-redhat-linux
Configured with: ../configure --enable-bootstrap --enable-languages=c,c++,fortran,objc,obj-c++,ada,go,d,m2,lto --prefix=/usr --mandir=/usr/share/man --infodir=/usr/share/info --with-bugurl=http://bugzilla.redhat.com/bugzilla --enable-shared --enable-threads=posix --enable-checking=release --enable-multilib --with-system-zlib --enable-__cxa_atexit --disable-libunwind-exceptions --enable-gnu-unique-object --enable-linker-build-id --with-gcc-major-version-only --enable-libstdcxx-backtrace --with-libstdcxx-zoneinfo=/usr/share/zoneinfo --with-linker-hash-style=gnu --enable-plugin --enable-initfini-array --with-isl=/builddir/build/BUILD/gcc-14.3.1-build/gcc-14.3.1-20250523/obj-x86_64-redhat-linux/isl-install --enable-offload-targets=nvptx-none,amdgcn-amdhsa --enable-offload-defaulted --without-cuda-driver --enable-gnu-indirect-function --enable-cet --with-tune=generic --with-arch_32=i686 --build=x86_64-redhat-linux --with-build-config=bootstrap-lto --enable-link-serialization=1
Thread model: posix
Supported LTO compression algorithms: zlib zstd
gcc version 14.3.1 20250523 (Red Hat 14.3.1-1) (GCC) 
... rest of stderr output deleted ...
configure:18754: $? = 0
configure:18743: gcc -V >&5
gcc: error: unrecognized command-line option '-V'
gcc: fatal error: no input files
compilation terminated.
configure:18754: $? = 1
configure:18743: gcc -qversion >&5
gcc: error: unrecognized command-line option '-qversion'; did you mean '--version'?
gcc: fatal error: no input files
compilation terminated.
configure:18754: $? = 1
configure:18743: gcc -version >&5
gcc: error: unrecognized command-line option '-version'
gcc: fatal error: no input files
compilation terminated.
configure:18754: $? = 1
configure:18758: checking whether the compiler supports GNU C
configure:18790: result: yes
configure:18801: checking whether gcc accepts -g
configure:18869: result: yes
configure:18889: checking for gcc option to enable C11 features
configure:18923: result: none needed
configure:19047: checking whether gcc understands -c and -o together
configure:19086: result: yes
configure:19105: checking dependency style of gcc
configure:19218: result: gcc3
configure:19238: checking how to run the C preprocessor
configure:19264: gcc -E  conftest.c
configure:19264: $? = 0
configure:19280: gcc -E  conftest.c
conftest.c:27:10: fatal error: ac_nonexistent.h: No such file or directory
   27 | #include <ac_nonexistent.h>
      |          ^~~~~~~~~~~~~~~~~~
compilation terminated.
configure:19280: $? = 1
configure: failed program was:
| /* confdefs.h */
| #define PACKAGE_NAME "sleuthkit"
| #define PACKAGE_TARNAME "sleuthkit"
| #define PACKAGE_VERSION "4.14.0"
| #define PACKAGE_STRING "sleuthkit 4.14.0"
| #define PACKAGE_BUGREPORT ""
| #define PACKAGE_URL ""
| #define PACKAGE "sleuthkit"
| #define VERSION "4.14.0"
| #define HAVE_STDIO_H 1
| #define HAVE_STDLIB_H 1
| #define HAVE_STRING_H 1
| #define HAVE_INTTYPES_H 1
| #define HAVE_STDINT_H 1
| #define HAVE_STRINGS_H 1
| #define HAVE_SYS_STAT_H 1
| #define HAVE_SYS_TYPES_H 1
| #define HAVE_UNISTD_H 1
| #define HAVE_SYS_SELECT_H 1
| #define HAVE_SYS_SOCKET_H 1
| #define HAVE_UTIME_H 1
| #define STDC_HEADERS 1
| #define HAVE_DLFCN_H 1
| #define LT_OBJDIR ".libs/"
| #define HAVE_CXX14 1
| /* end confdefs.h.  */
| #include <ac_nonexistent.h>
configure:19309: result: gcc -E
configure:19323: gcc -E  conftest.c
configure:19323: $? = 0
configure:19339: gcc -E  conftest.c
conftest.c:27:10: fatal error: ac_nonexistent.h: No such file or directory
   27 | #include <ac_nonexistent.h>
      |          ^~~~~~~~~~~~~~~~~~
compilation terminated.
configure:19339: $? = 1
configure: failed program was:
| /* confdefs.h */
| #define PACKAGE_NAME "sleuthkit"
| #define PACKAGE_TARNAME "sleuthkit"
| #define PACKAGE_VERSION "4.14.0"
| #define PACKAGE_STRING "sleuthkit 4.14.0"
| #define PACKAGE_BUGREPORT ""
| #define PACKAGE_URL ""
| #define PACKAGE "sleuthkit"
| #define VERSION "4.14.0"
| #define HAVE_STDIO_H 1
| #define HAVE_STDLIB_H 1
| #define HAVE_STRING_H 1
| #define HAVE_INTTYPES_H 1
| #define HAVE_STDINT_H 1
| #define HAVE_STRINGS_H 1
| #define HAVE_SYS_STAT_H 1
| #define HAVE_SYS_TYPES_H 1
| #define HAVE_UNISTD_H 1
| #define HAVE_SYS_SELECT_H 1
| #define HAVE_SYS_SOCKET_H 1
| #define HAVE_UTIME_H 1
| #define STDC_HEADERS 1
| #define HAVE_DLFCN_H 1
| #define LT_OBJDIR ".libs/"
| #define HAVE_CXX14 1
| /* end confdefs.h.  */
| #include <ac_nonexistent.h>
configure:19372: checking whether ln -s works
configure:19376: result: yes
configure:19383: checking whether make sets $(MAKE)
configure:19407: result: yes
configure:19418: checking for perl
configure:19441: found /usr/bin/perl
configure:19454: result: /usr/bin/perl
configure:19466: checking for pkg-config
configure:19487: found /usr/bin/pkg-config
configure:19500: result: yes
configure:19571: checking for pkg-config
configure:19594: found /usr/bin/pkg-config
configure:19607: result: /usr/bin/pkg-config
configure:19632: checking pkg-config is at least version 0.9.0
configure:19635: result: yes
configure:19660: checking for egrep
configure:19730: result: /usr/bin/grep -E
configure:19738: checking for err.h
configure:19738: gcc -c -g -O2  conftest.c >&5
configure:19738: $? = 0
configure:19738: result: yes
configure:19744: checking for inttypes.h
configure:19744: result: yes
configure:19750: checking for unistd.h
configure:19750: result: yes
configure:19756: checking for stdint.h
configure:19756: result: yes
configure:19762: checking for sys/param.h
configure:19762: gcc -c -g -O2  conftest.c >&5
configure:19762: $? = 0
configure:19762: result: yes
configure:19768: checking for sys/resource.h
configure:19768: gcc -c -g -O2  conftest.c >&5
configure:19768: $? = 0
configure:19768: result: yes
configure:19776: checking for _Bool
configure:19776: gcc -c -g -O2  conftest.c >&5
configure:19776: $? = 0
configure:19776: gcc -c -g -O2  conftest.c >&5
conftest.c: In function 'main':
conftest.c:64:20: error: expected expression before ')' token
   64 | if (sizeof ((_Bool)))
      |                    ^
configure:19776: $? = 1
configure: failed program was:
| /* confdefs.h */
| #define PACKAGE_NAME "sleuthkit"
| #define PACKAGE_TARNAME "sleuthkit"
| #define PACKAGE_VERSION "4.14.0"
| #define PACKAGE_STRING "sleuthkit 4.14.0"
| #define PACKAGE_BUGREPORT ""
| #define PACKAGE_URL ""
| #define PACKAGE "sleuthkit"
| #define VERSION "4.14.0"
| #define HAVE_STDIO_H 1
| #define HAVE_STDLIB_H 1
| #define HAVE_STRING_H 1
| #define HAVE_INTTYPES_H 1
| #define HAVE_STDINT_H 1
| #define HAVE_STRINGS_H 1
| #define HAVE_SYS_STAT_H 1
| #define HAVE_SYS_TYPES_H 1
| #define HAVE_UNISTD_H 1
| #define HAVE_SYS_SELECT_H 1
| #define HAVE_SYS_SOCKET_H 1
| #define HAVE_UTIME_H 1
| #define STDC_HEADERS 1
| #define HAVE_DLFCN_H 1
| #define LT_OBJDIR ".libs/"
| #define HAVE_CXX14 1
| #define HAVE_ERR_H 1
| #define HAVE_INTTYPES_H 1
| #define HAVE_UNISTD_H 1
| #define HAVE_STDINT_H 1
| #define HAVE_SYS_PARAM_H 1
| #define HAVE_SYS_RESOURCE_H 1
| /* end confdefs.h.  */
| #include <stddef.h>
| #ifdef HAVE_STDIO_H
| # include <stdio.h>
| #endif
| #ifdef HAVE_STDLIB_H
| # include <stdlib.h>
| #endif
| #ifdef HAVE_STRING_H
| # include <string.h>
| #endif
| #ifdef HAVE_INTTYPES_H
| # include <inttypes.h>
| #endif
| #ifdef HAVE_STDINT_H
| # include <stdint.h>
| #endif
| #ifdef HAVE_STRINGS_H
| # include <strings.h>
| #endif
| #ifdef HAVE_SYS_TYPES_H
| # include <sys/types.h>
| #endif
| #ifdef HAVE_SYS_STAT_H
| # include <sys/stat.h>
| #endif
| #ifdef HAVE_UNISTD_H
| # include <unistd.h>
| #endif
| int
| main (void)
| {
| if (sizeof ((_Bool)))
| 	    return 0;
|   ;
|   return 0;
| }
configure:19776: result: yes
configure:19785: checking for stdbool.h that conforms to C99 or later
configure:19860: gcc -c -g -O2  conftest.c >&5
configure:19860: $? = 0
configure:19870: result: yes
configure:19879: checking for an ANSI C-conforming const
configure:19946: gcc -c -g -O2  conftest.c >&5
configure:19946: $? = 0
configure:19956: result: yes
configure:19964: checking for uid_t
configure:19964: gcc -c -g -O2  conftest.c >&5
configure:19964: $? = 0
configure:19964: gcc -c -g -O2  conftest.c >&5
conftest.c: In function 'main':
conftest.c:66:20: error: expected expression before ')' token
   66 | if (sizeof ((uid_t)))
      |                    ^
configure:19964: $? = 1
configure: failed program was:
| /* confdefs.h */
| #define PACKAGE_NAME "sleuthkit"
| #define PACKAGE_TARNAME "sleuthkit"
| #define PACKAGE_VERSION "4.14.0"
| #define PACKAGE_STRING "sleuthkit 4.14.0"
| #define PACKAGE_BUGREPORT ""
| #define PACKAGE_URL ""
| #define PACKAGE "sleuthkit"
| #define VERSION "4.14.0"
| #define HAVE_STDIO_H 1
| #define HAVE_STDLIB_H 1
| #define HAVE_STRING_H 1
| #define HAVE_INTTYPES_H 1
| #define HAVE_STDINT_H 1
| #define HAVE_STRINGS_H 1
| #define HAVE_SYS_STAT_H 1
| #define HAVE_SYS_TYPES_H 1
| #define HAVE_UNISTD_H 1
| #define HAVE_SYS_SELECT_H 1
| #define HAVE_SYS_SOCKET_H 1
| #define HAVE_UTIME_H 1
| #define STDC_HEADERS 1
| #define HAVE_DLFCN_H 1
| #define LT_OBJDIR ".libs/"
| #define HAVE_CXX14 1
| #define HAVE_ERR_H 1
| #define HAVE_INTTYPES_H 1
| #define HAVE_UNISTD_H 1
| #define HAVE_STDINT_H 1
| #define HAVE_SYS_PARAM_H 1
| #define HAVE_SYS_RESOURCE_H 1
| #define HAVE__BOOL 1
| #define HAVE_STDBOOL_H 1
| /* end confdefs.h.  */
| #include <stddef.h>
| #ifdef HAVE_STDIO_H
| # include <stdio.h>
| #endif
| #ifdef HAVE_STDLIB_H
| # include <stdlib.h>
| #endif
| #ifdef HAVE_STRING_H
| # include <string.h>
| #endif
| #ifdef HAVE_INTTYPES_H
| # include <inttypes.h>
| #endif
| #ifdef HAVE_STDINT_H
| # include <stdint.h>
| #endif
| #ifdef HAVE_STRINGS_H
| # include <strings.h>
| #endif
| #ifdef HAVE_SYS_TYPES_H
| # include <sys/types.h>
| #endif
| #ifdef HAVE_SYS_STAT_H
| # include <sys/stat.h>
| #endif
| #ifdef HAVE_UNISTD_H
| # include <unistd.h>
| #endif
| int
| main (void)
| {
| if (sizeof ((uid_t)))
| 	    return 0;
|   ;
|   return 0;
| }
configure:19964: result: yes
configure:19975: checking for gid_t
configure:19975: gcc -c -g -O2  conftest.c >&5
configure:19975: $? = 0
configure:19975: gcc -c -g -O2  conftest.c >&5
conftest.c: In function 'main':
conftest.c:66:20: error: expected expression before ')' token
   66 | if (sizeof ((gid_t)))
      |                    ^
configure:19975: $? = 1
configure: failed program was:
| /* confdefs.h */
| #define PACKAGE_NAME "sleuthkit"
| #define PACKAGE_TARNAME "sleuthkit"
| #define PACKAGE_VERSION "4.14.0"
| #define PACKAGE_STRING "sleuthkit 4.14.0"
| #define PACKAGE_BUGREPORT ""
| #define PACKAGE_URL ""
| #define PACKAGE "sleuthkit"
| #define VERSION "4.14.0"
| #define HAVE_STDIO_H 1
| #define HAVE_STDLIB_H 1
| #define HAVE_STRING_H 1
| #define HAVE_INTTYPES_H 1
| #define HAVE_STDINT_H 1
| #define HAVE_STRINGS_H 1
| #define HAVE_SYS_STAT_H 1
| #define HAVE_SYS_TYPES_H 1
| #define HAVE_UNISTD_H 1
| #define HAVE_SYS_SELECT_H 1
| #define HAVE_SYS_SOCKET_H 1
| #define HAVE_UTIME_H 1
| #define STDC_HEADERS 1
| #define HAVE_DLFCN_H 1
| #define LT_OBJDIR ".libs/"
| #define HAVE_CXX14 1
| #define HAVE_ERR_H 1
| #define HAVE_INTTYPES_H 1
| #define HAVE_UNISTD_H 1
| #define HAVE_STDINT_H 1
| #define HAVE_SYS_PARAM_H 1
| #define HAVE_SYS_RESOURCE_H 1
| #define HAVE__BOOL 1
| #define HAVE_STDBOOL_H 1
| /* end confdefs.h.  */
| #include <stddef.h>
| #ifdef HAVE_STDIO_H
| # include <stdio.h>
| #endif
| #ifdef HAVE_STDLIB_H
| # include <stdlib.h>
| #endif
| #ifdef HAVE_STRING_H
| # include <string.h>
| #endif
| #ifdef HAVE_INTTYPES_H
| # include <inttypes.h>
| #endif
| #ifdef HAVE_STDINT_H
| # include <stdint.h>
| #endif
| #ifdef HAVE_STRINGS_H
| # include <strings.h>
| #endif
| #ifdef HAVE_SYS_TYPES_H
| # include <sys/types.h>
| #endif
| #ifdef HAVE_SYS_STAT_H
| # include <sys/stat.h>
| #endif
| #ifdef HAVE_UNISTD_H
| # include <unistd.h>
| #endif
| int
| main (void)
| {
| if (sizeof ((gid_t)))
| 	    return 0;
|   ;
|   return 0;
| }
configure:19975: result: yes
configure:19986: checking for mode_t
configure:19986: gcc -c -g -O2  conftest.c >&5
configure:19986: $? = 0
configure:19986: gcc -c -g -O2  conftest.c >&5
conftest.c: In function 'main':
conftest.c:66:21: error: expected expression before ')' token
   66 | if (sizeof ((mode_t)))
      |                     ^
configure:19986: $? = 1
configure: failed program was:
| /* confdefs.h */
| #define PACKAGE_NAME "sleuthkit"
| #define PACKAGE_TARNAME "sleuthkit"
| #define PACKAGE_VERSION "4.14.0"
| #define PACKAGE_STRING "sleuthkit 4.14.0"
| #define PACKAGE_BUGREPORT ""
| #define PACKAGE_URL ""
| #define PACKAGE "sleuthkit"
| #define VERSION "4.14.0"
| #define HAVE_STDIO_H 1
| #define HAVE_STDLIB_H 1
| #define HAVE_STRING_H 1
| #define HAVE_INTTYPES_H 1
| #define HAVE_STDINT_H 1
| #define HAVE_STRINGS_H 1
| #define HAVE_SYS_STAT_H 1
| #define HAVE_SYS_TYPES_H 1
| #define HAVE_UNISTD_H 1
| #define HAVE_SYS_SELECT_H 1
| #define HAVE_SYS_SOCKET_H 1
| #define HAVE_UTIME_H 1
| #define STDC_HEADERS 1
| #define HAVE_DLFCN_H 1
| #define LT_OBJDIR ".libs/"
| #define HAVE_CXX14 1
| #define HAVE_ERR_H 1
| #define HAVE_INTTYPES_H 1
| #define HAVE_UNISTD_H 1
| #define HAVE_STDINT_H 1
| #define HAVE_SYS_PARAM_H 1
| #define HAVE_SYS_RESOURCE_H 1
| #define HAVE__BOOL 1
| #define HAVE_STDBOOL_H 1
| /* end confdefs.h.  */
| #include <stddef.h>
| #ifdef HAVE_STDIO_H
| # include <stdio.h>
| #endif
| #ifdef HAVE_STDLIB_H
| # include <stdlib.h>
| #endif
| #ifdef HAVE_STRING_H
| # include <string.h>
| #endif
| #ifdef HAVE_INTTYPES_H
| # include <inttypes.h>
| #endif
| #ifdef HAVE_STDINT_H
| # include <stdint.h>
| #endif
| #ifdef HAVE_STRINGS_H
| # include <strings.h>
| #endif
| #ifdef HAVE_SYS_TYPES_H
| # include <sys/types.h>
| #endif
| #ifdef HAVE_SYS_STAT_H
| # include <sys/stat.h>
| #endif
| #ifdef HAVE_UNISTD_H
| # include <unistd.h>
| #endif
| int
| main (void)
| {
| if (sizeof ((mode_t)))
| 	    return 0;
|   ;
|   return 0;
| }
configure:19986: result: yes
configure:19997: checking for off_t
configure:19997: gcc -c -g -O2  conftest.c >&5
configure:19997: $? = 0
configure:19997: gcc -c -g -O2  conftest.c >&5
conftest.c: In function 'main':
conftest.c:66:20: error: expected expression before ')' token
   66 | if (sizeof ((off_t)))
      |                    ^
configure:19997: $? = 1
configure: failed program was:
| /* confdefs.h */
| #define PACKAGE_NAME "sleuthkit"
| #define PACKAGE_TARNAME "sleuthkit"
| #define PACKAGE_VERSION "4.14.0"
| #define PACKAGE_STRING "sleuthkit 4.14.0"
| #define PACKAGE_BUGREPORT ""
| #define PACKAGE_URL ""
| #define PACKAGE "sleuthkit"
| #define VERSION "4.14.0"
| #define HAVE_STDIO_H 1
| #define HAVE_STDLIB_H 1
| #define HAVE_STRING_H 1
| #define HAVE_INTTYPES_H 1
| #define HAVE_STDINT_H 1
| #define HAVE_STRINGS_H 1
| #define HAVE_SYS_STAT_H 1
| #define HAVE_SYS_TYPES_H 1
| #define HAVE_UNISTD_H 1
| #define HAVE_SYS_SELECT_H 1
| #define HAVE_SYS_SOCKET_H 1
| #define HAVE_UTIME_H 1
| #define STDC_HEADERS 1
| #define HAVE_DLFCN_H 1
| #define LT_OBJDIR ".libs/"
| #define HAVE_CXX14 1
| #define HAVE_ERR_H 1
| #define HAVE_INTTYPES_H 1
| #define HAVE_UNISTD_H 1
| #define HAVE_STDINT_H 1
| #define HAVE_SYS_PARAM_H 1
| #define HAVE_SYS_RESOURCE_H 1
| #define HAVE__BOOL 1
| #define HAVE_STDBOOL_H 1
| /* end confdefs.h.  */
| #include <stddef.h>
| #ifdef HAVE_STDIO_H
| # include <stdio.h>
| #endif
| #ifdef HAVE_STDLIB_H
| # include <stdlib.h>
| #endif
| #ifdef HAVE_STRING_H
| # include <string.h>
| #endif
| #ifdef HAVE_INTTYPES_H
| # include <inttypes.h>
| #endif
| #ifdef HAVE_STDINT_H
| # include <stdint.h>
| #endif
| #ifdef HAVE_STRINGS_H
| # include <strings.h>
| #endif
| #ifdef HAVE_SYS_TYPES_H
| # include <sys/types.h>
| #endif
| #ifdef HAVE_SYS_STAT_H
| # include <sys/stat.h>
| #endif
| #ifdef HAVE_UNISTD_H
| # include <unistd.h>
| #endif
| int
| main (void)
| {
| if (sizeof ((off_t)))
| 	    return 0;
|   ;
|   return 0;
| }
configure:19997: result: yes
configure:20008: checking for size_t
configure:20008: gcc -c -g -O2  conftest.c >&5
configure:20008: $? = 0
configure:20008: gcc -c -g -O2  conftest.c >&5
conftest.c: In function 'main':
conftest.c:66:21: error: expected expression before ')' token
   66 | if (sizeof ((size_t)))
      |                     ^
configure:20008: $? = 1
configure: failed program was:
| /* confdefs.h */
| #define PACKAGE_NAME "sleuthkit"
| #define PACKAGE_TARNAME "sleuthkit"
| #define PACKAGE_VERSION "4.14.0"
| #define PACKAGE_STRING "sleuthkit 4.14.0"
| #define PACKAGE_BUGREPORT ""
| #define PACKAGE_URL ""
| #define PACKAGE "sleuthkit"
| #define VERSION "4.14.0"
| #define HAVE_STDIO_H 1
| #define HAVE_STDLIB_H 1
| #define HAVE_STRING_H 1
| #define HAVE_INTTYPES_H 1
| #define HAVE_STDINT_H 1
| #define HAVE_STRINGS_H 1
| #define HAVE_SYS_STAT_H 1
| #define HAVE_SYS_TYPES_H 1
| #define HAVE_UNISTD_H 1
| #define HAVE_SYS_SELECT_H 1
| #define HAVE_SYS_SOCKET_H 1
| #define HAVE_UTIME_H 1
| #define STDC_HEADERS 1
| #define HAVE_DLFCN_H 1
| #define LT_OBJDIR ".libs/"
| #define HAVE_CXX14 1
| #define HAVE_ERR_H 1
| #define HAVE_INTTYPES_H 1
| #define HAVE_UNISTD_H 1
| #define HAVE_STDINT_H 1
| #define HAVE_SYS_PARAM_H 1
| #define HAVE_SYS_RESOURCE_H 1
| #define HAVE__BOOL 1
| #define HAVE_STDBOOL_H 1
| /* end confdefs.h.  */
| #include <stddef.h>
| #ifdef HAVE_STDIO_H
| # include <stdio.h>
| #endif
| #ifdef HAVE_STDLIB_H
| # include <stdlib.h>
| #endif
| #ifdef HAVE_STRING_H
| # include <string.h>
| #endif
| #ifdef HAVE_INTTYPES_H
| # include <inttypes.h>
| #endif
| #ifdef HAVE_STDINT_H
| # include <stdint.h>
| #endif
| #ifdef HAVE_STRINGS_H
| # include <strings.h>
| #endif
| #ifdef HAVE_SYS_TYPES_H
| # include <sys/types.h>
| #endif
| #ifdef HAVE_SYS_STAT_H
| # include <sys/stat.h>
| #endif
| #ifdef HAVE_UNISTD_H
| # include <unistd.h>
| #endif
| int
| main (void)
| {
| if (sizeof ((size_t)))
| 	    return 0;
|   ;
|   return 0;
| }
configure:20008: result: yes
configure:20027: checking for gcc option to enable large file support
configure:20062: gcc -c -g -O2  conftest.c >&5
configure:20062: $? = 0
configure:20068: gcc -DFTYPE=ino_t -c -g -O2  conftest.c >&5
configure:20068: $? = 0
configure:20093: result: none needed
configure:20198: checking for working alloca.h
configure:20216: gcc -o conftest -g -O2   conftest.c  >&5
configure:20216: $? = 0
configure:20227: result: yes
configure:20235: checking for alloca
configure:20280: result: yes
configure:20349: checking for error_at_line
configure:20366: gcc -o conftest -g -O2   conftest.c  >&5
configure:20366: $? = 0
configure:20377: result: yes
configure:20388: checking for declarations of fseeko and ftello
configure:20421: gcc -c -g -O2  conftest.c >&5
configure:20421: $? = 0
configure:20467: result: yes
configure:20483: checking whether lstat correctly handles trailing slash
configure:20516: gcc -o conftest -g -O2   conftest.c  >&5
configure:20516: $? = 0
configure:20516: ./conftest
configure:20516: $? = 0
configure:20537: result: yes
configure:20554: checking whether lstat accepts an empty string
configure:20576: gcc -o conftest -g -O2   conftest.c  >&5
configure:20576: $? = 0
configure:20576: ./conftest
configure:20576: $? = 0
configure:20590: result: no
configure:20604: checking whether lstat correctly handles trailing slash
configure:20658: result: yes
configure:20678: checking types of arguments for select
configure:20708: gcc -c -g -O2  conftest.c >&5
configure:20708: $? = 0
configure:20719: result: int,fd_set *,struct timeval *
configure:20738: checking whether utime accepts a null argument
configure:20769: gcc -o conftest -g -O2   conftest.c  >&5
configure:20769: $? = 0
configure:20769: ./conftest
configure:20769: $? = 0
configure:20783: result: yes
configure:20797: checking for vprintf
configure:20797: gcc -o conftest -g -O2   conftest.c  >&5
conftest.c:60:6: warning: conflicting types for built-in function 'vprintf'; expected 'int(const char *, __va_list_tag *)' [-Wbuiltin-declaration-mismatch]
   60 | char vprintf (void);
      |      ^~~~~~~
conftest.c:52:1: note: 'vprintf' is declared in header '<stdio.h>'
   51 | #include <limits.h>
   52 | #undef vprintf
configure:20797: $? = 0
configure:20797: result: yes
configure:20818: checking for ishexnumber
configure:20818: gcc -o conftest -g -O2   conftest.c  >&5
/usr/bin/ld: /tmp/ccs6OPzg.o: in function `main':
/home/lordyesta/Projects/pytsk/sleuthkit/conftest.c:72:(.text.startup+0x5): undefined reference to `ishexnumber'
collect2: error: ld returned 1 exit status
configure:20818: $? = 1
configure: failed program was:
| /* confdefs.h */
| #define PACKAGE_NAME "sleuthkit"
| #define PACKAGE_TARNAME "sleuthkit"
| #define PACKAGE_VERSION "4.14.0"
| #define PACKAGE_STRING "sleuthkit 4.14.0"
| #define PACKAGE_BUGREPORT ""
| #define PACKAGE_URL ""
| #define PACKAGE "sleuthkit"
| #define VERSION "4.14.0"
| #define HAVE_STDIO_H 1
| #define HAVE_STDLIB_H 1
| #define HAVE_STRING_H 1
| #define HAVE_INTTYPES_H 1
| #define HAVE_STDINT_H 1
| #define HAVE_STRINGS_H 1
| #define HAVE_SYS_STAT_H 1
| #define HAVE_SYS_TYPES_H 1
| #define HAVE_UNISTD_H 1
| #define HAVE_SYS_SELECT_H 1
| #define HAVE_SYS_SOCKET_H 1
| #define HAVE_UTIME_H 1
| #define STDC_HEADERS 1
| #define HAVE_DLFCN_H 1
| #define LT_OBJDIR ".libs/"
| #define HAVE_CXX14 1
| #define HAVE_ERR_H 1
| #define HAVE_INTTYPES_H 1
| #define HAVE_UNISTD_H 1
| #define HAVE_STDINT_H 1
| #define HAVE_SYS_PARAM_H 1
| #define HAVE_SYS_RESOURCE_H 1
| #define HAVE__BOOL 1
| #define HAVE_STDBOOL_H 1
| #define HAVE_ALLOCA_H 1
| #define HAVE_ALLOCA 1
| #define HAVE_FSEEKO 1
| #define LSTAT_FOLLOWS_SLASHED_SYMLINK 1
| #define LSTAT_FOLLOWS_SLASHED_SYMLINK 1
| #define SELECT_TYPE_ARG1 int
| #define SELECT_TYPE_ARG234 (fd_set *)
| #define SELECT_TYPE_ARG5 (struct timeval *)
| #define HAVE_UTIME_NULL 1
| #define HAVE_VPRINTF 1
| /* end confdefs.h.  */
| /* Define ishexnumber to an innocuous variant, in case <limits.h> declares ishexnumber.
|    For example, HP-UX 11i <limits.h> declares gettimeofday.  */
| #define ishexnumber innocuous_ishexnumber
| 
| /* System header to define __stub macros and hopefully few prototypes,
|    which can conflict with char ishexnumber (void); below.  */
| 
| #include <limits.h>
| #undef ishexnumber
| 
| /* Override any GCC internal prototype to avoid an error.
|    Use char because int might match the return type of a GCC
|    builtin and then its argument prototype would still apply.  */
| #ifdef __cplusplus
| extern "C"
| #endif
| char ishexnumber (void);
| /* The GNU C library defines this for functions which it implements
|     to always fail with ENOSYS.  Some functions are actually named
|     something starting with __ and the normal name is an alias.  */
| #if defined __stub_ishexnumber || defined __stub___ishexnumber
| choke me
| #endif
| 
| int
| main (void)
| {
| return ishexnumber ();
|   ;
|   return 0;
| }
configure:20818: result: no
configure:20824: checking for err
configure:20824: gcc -o conftest -g -O2   conftest.c  >&5
configure:20824: $? = 0
configure:20824: result: yes
configure:20830: checking for errx
configure:20830: gcc -o conftest -g -O2   conftest.c  >&5
configure:20830: $? = 0
configure:20830: result: yes
configure:20836: checking for warn
configure:20836: gcc -o conftest -g -O2   conftest.c  >&5
configure:20836: $? = 0
configure:20836: result: yes
configure:20842: checking for warnx
configure:20842: gcc -o conftest -g -O2   conftest.c  >&5
configure:20842: $? = 0
configure:20842: result: yes
configure:20848: checking for vasprintf
configure:20848: gcc -o conftest -g -O2   conftest.c  >&5
configure:20848: $? = 0
configure:20848: result: yes
configure:20854: checking for getrusage
configure:20854: gcc -o conftest -g -O2   conftest.c  >&5
configure:20854: $? = 0
configure:20854: result: yes
configure:20861: checking for strlcpy
configure:20861: gcc -o conftest -g -O2   conftest.c  >&5
configure:20861: $? = 0
configure:20861: result: yes
configure:20867: checking for strlcat
configure:20867: gcc -o conftest -g -O2   conftest.c  >&5
configure:20867: $? = 0
configure:20867: result: yes
configure:21054: checking for the pthreads library -lpthreads
configure:21092: gcc -o conftest -g -O2    conftest.c -lpthreads  >&5
/usr/bin/ld: cannot find -lpthreads: No such file or directory
collect2: error: ld returned 1 exit status
configure:21092: $? = 1
configure: failed program was:
| /* confdefs.h */
| #define PACKAGE_NAME "sleuthkit"
| #define PACKAGE_TARNAME "sleuthkit"
| #define PACKAGE_VERSION "4.14.0"
| #define PACKAGE_STRING "sleuthkit 4.14.0"
| #define PACKAGE_BUGREPORT ""
| #define PACKAGE_URL ""
| #define PACKAGE "sleuthkit"
| #define VERSION "4.14.0"
| #define HAVE_STDIO_H 1
| #define HAVE_STDLIB_H 1
| #define HAVE_STRING_H 1
| #define HAVE_INTTYPES_H 1
| #define HAVE_STDINT_H 1
| #define HAVE_STRINGS_H 1
| #define HAVE_SYS_STAT_H 1
| #define HAVE_SYS_TYPES_H 1
| #define HAVE_UNISTD_H 1
| #define HAVE_SYS_SELECT_H 1
| #define HAVE_SYS_SOCKET_H 1
| #define HAVE_UTIME_H 1
| #define STDC_HEADERS 1
| #define HAVE_DLFCN_H 1
| #define LT_OBJDIR ".libs/"
| #define HAVE_CXX14 1
| #define HAVE_ERR_H 1
| #define HAVE_INTTYPES_H 1
| #define HAVE_UNISTD_H 1
| #define HAVE_STDINT_H 1
| #define HAVE_SYS_PARAM_H 1
| #define HAVE_SYS_RESOURCE_H 1
| #define HAVE__BOOL 1
| #define HAVE_STDBOOL_H 1
| #define HAVE_ALLOCA_H 1
| #define HAVE_ALLOCA 1
| #define HAVE_FSEEKO 1
| #define LSTAT_FOLLOWS_SLASHED_SYMLINK 1
| #define LSTAT_FOLLOWS_SLASHED_SYMLINK 1
| #define SELECT_TYPE_ARG1 int
| #define SELECT_TYPE_ARG234 (fd_set *)
| #define SELECT_TYPE_ARG5 (struct timeval *)
| #define HAVE_UTIME_NULL 1
| #define HAVE_VPRINTF 1
| #define HAVE_ERR 1
| #define HAVE_ERRX 1
| #define HAVE_WARN 1
| #define HAVE_WARNX 1
| #define HAVE_VASPRINTF 1
| #define HAVE_GETRUSAGE 1
| #define HAVE_STRLCPY 1
| #define HAVE_STRLCAT 1
| /* end confdefs.h.  */
| #include <pthread.h>
| 		     static void routine(void* a) {a=0;}
| 		     static void* start_routine(void* a) {return a;}
| int
| main (void)
| {
| pthread_t th; pthread_attr_t attr;
|                      pthread_create(&th,0,start_routine,0);
|                      pthread_join(th, 0);
|                      pthread_attr_init(&attr);
|                      pthread_cleanup_push(routine, 0);
|                      pthread_cleanup_pop(0);
|   ;
|   return 0;
| }
configure:21102: result: no
configure:20993: checking whether pthreads work without any flags
configure:21092: gcc -o conftest -g -O2    conftest.c   >&5
configure:21092: $? = 0
configure:21102: result: yes
configure:21121: checking for joinable pthread attribute
configure:21136: gcc -o conftest -g -O2    conftest.c   >&5
configure:21136: $? = 0
configure:21143: result: PTHREAD_CREATE_JOINABLE
configure:21151: checking if more special flags are required for pthreads
configure:21158: result: no
configure:21287: checking for main in -lstdc++
configure:21307: gcc -o conftest -g -O2   -I/usr/local/include   -L/usr/local/lib conftest.c -lstdc++   >&5
configure:21307: $? = 0
configure:21319: result: yes
configure:21332: checking for list
configure:21332: gcc -c -g -O2   -I/usr/local/include conftest.c >&5
conftest.c:55:13: error: expected '=', ',', ';', 'asm' or '__attribute__' before numeric constant
   55 | as_fn_error 0 "missing STL list class header" "21332" 5
      |             ^
conftest.c:57:10: fatal error: list: No such file or directory
   57 | #include <list>
      |          ^~~~~~
compilation terminated.
configure:21332: $? = 1
configure: failed program was:
| /* confdefs.h */
| #define PACKAGE_NAME "sleuthkit"
| #define PACKAGE_TARNAME "sleuthkit"
| #define PACKAGE_VERSION "4.14.0"
| #define PACKAGE_STRING "sleuthkit 4.14.0"
| #define PACKAGE_BUGREPORT ""
| #define PACKAGE_URL ""
| #define PACKAGE "sleuthkit"
| #define VERSION "4.14.0"
| #define HAVE_STDIO_H 1
| #define HAVE_STDLIB_H 1
| #define HAVE_STRING_H 1
| #define HAVE_INTTYPES_H 1
| #define HAVE_STDINT_H 1
| #define HAVE_STRINGS_H 1
| #define HAVE_SYS_STAT_H 1
| #define HAVE_SYS_TYPES_H 1
| #define HAVE_UNISTD_H 1
| #define HAVE_SYS_SELECT_H 1
| #define HAVE_SYS_SOCKET_H 1
| #define HAVE_UTIME_H 1
| #define STDC_HEADERS 1
| #define HAVE_DLFCN_H 1
| #define LT_OBJDIR ".libs/"
| #define HAVE_CXX14 1
| #define HAVE_ERR_H 1
| #define HAVE_INTTYPES_H 1
| #define HAVE_UNISTD_H 1
| #define HAVE_STDINT_H 1
| #define HAVE_SYS_PARAM_H 1
| #define HAVE_SYS_RESOURCE_H 1
| #define HAVE__BOOL 1
| #define HAVE_STDBOOL_H 1
| #define HAVE_ALLOCA_H 1
| #define HAVE_ALLOCA 1
| #define HAVE_FSEEKO 1
| #define LSTAT_FOLLOWS_SLASHED_SYMLINK 1
| #define LSTAT_FOLLOWS_SLASHED_SYMLINK 1
| #define SELECT_TYPE_ARG1 int
| #define SELECT_TYPE_ARG234 (fd_set *)
| #define SELECT_TYPE_ARG5 (struct timeval *)
| #define HAVE_UTIME_NULL 1
| #define HAVE_VPRINTF 1
| #define HAVE_ERR 1
| #define HAVE_ERRX 1
| #define HAVE_WARN 1
| #define HAVE_WARNX 1
| #define HAVE_VASPRINTF 1
| #define HAVE_GETRUSAGE 1
| #define HAVE_STRLCPY 1
| #define HAVE_STRLCAT 1
| #define HAVE_PTHREAD 1
| #define HAVE_LIBSTDC__ 1
| /* end confdefs.h.  */
| as_fn_error 0 "missing STL list class header" "21332" 5
| 
| #include <list>
configure:21332: result: no
configure:21340: checking for map
configure:21340: gcc -c -g -O2   -I/usr/local/include conftest.c >&5
conftest.c:55:13: error: expected '=', ',', ';', 'asm' or '__attribute__' before numeric constant
   55 | as_fn_error 0 "missing STL map class header" "21340" 5
      |             ^
conftest.c:57:10: fatal error: map: No such file or directory
   57 | #include <map>
      |          ^~~~~
compilation terminated.
configure:21340: $? = 1
configure: failed program was:
| /* confdefs.h */
| #define PACKAGE_NAME "sleuthkit"
| #define PACKAGE_TARNAME "sleuthkit"
| #define PACKAGE_VERSION "4.14.0"
| #define PACKAGE_STRING "sleuthkit 4.14.0"
| #define PACKAGE_BUGREPORT ""
| #define PACKAGE_URL ""
| #define PACKAGE "sleuthkit"
| #define VERSION "4.14.0"
| #define HAVE_STDIO_H 1
| #define HAVE_STDLIB_H 1
| #define HAVE_STRING_H 1
| #define HAVE_INTTYPES_H 1
| #define HAVE_STDINT_H 1
| #define HAVE_STRINGS_H 1
| #define HAVE_SYS_STAT_H 1
| #define HAVE_SYS_TYPES_H 1
| #define HAVE_UNISTD_H 1
| #define HAVE_SYS_SELECT_H 1
| #define HAVE_SYS_SOCKET_H 1
| #define HAVE_UTIME_H 1
| #define STDC_HEADERS 1
| #define HAVE_DLFCN_H 1
| #define LT_OBJDIR ".libs/"
| #define HAVE_CXX14 1
| #define HAVE_ERR_H 1
| #define HAVE_INTTYPES_H 1
| #define HAVE_UNISTD_H 1
| #define HAVE_STDINT_H 1
| #define HAVE_SYS_PARAM_H 1
| #define HAVE_SYS_RESOURCE_H 1
| #define HAVE__BOOL 1
| #define HAVE_STDBOOL_H 1
| #define HAVE_ALLOCA_H 1
| #define HAVE_ALLOCA 1
| #define HAVE_FSEEKO 1
| #define LSTAT_FOLLOWS_SLASHED_SYMLINK 1
| #define LSTAT_FOLLOWS_SLASHED_SYMLINK 1
| #define SELECT_TYPE_ARG1 int
| #define SELECT_TYPE_ARG234 (fd_set *)
| #define SELECT_TYPE_ARG5 (struct timeval *)
| #define HAVE_UTIME_NULL 1
| #define HAVE_VPRINTF 1
| #define HAVE_ERR 1
| #define HAVE_ERRX 1
| #define HAVE_WARN 1
| #define HAVE_WARNX 1
| #define HAVE_VASPRINTF 1
| #define HAVE_GETRUSAGE 1
| #define HAVE_STRLCPY 1
| #define HAVE_STRLCAT 1
| #define HAVE_PTHREAD 1
| #define HAVE_LIBSTDC__ 1
| /* end confdefs.h.  */
| as_fn_error 0 "missing STL map class header" "21340" 5
| 
| #include <map>
configure:21340: result: no
configure:21348: checking for queue
configure:21348: gcc -c -g -O2   -I/usr/local/include conftest.c >&5
conftest.c:55:13: error: expected '=', ',', ';', 'asm' or '__attribute__' before numeric constant
   55 | as_fn_error 0 "missing STL queue class header" "21348" 5
      |             ^
conftest.c:57:10: fatal error: queue: No such file or directory
   57 | #include <queue>
      |          ^~~~~~~
compilation terminated.
configure:21348: $? = 1
configure: failed program was:
| /* confdefs.h */
| #define PACKAGE_NAME "sleuthkit"
| #define PACKAGE_TARNAME "sleuthkit"
| #define PACKAGE_VERSION "4.14.0"
| #define PACKAGE_STRING "sleuthkit 4.14.0"
| #define PACKAGE_BUGREPORT ""
| #define PACKAGE_URL ""
| #define PACKAGE "sleuthkit"
| #define VERSION "4.14.0"
| #define HAVE_STDIO_H 1
| #define HAVE_STDLIB_H 1
| #define HAVE_STRING_H 1
| #define HAVE_INTTYPES_H 1
| #define HAVE_STDINT_H 1
| #define HAVE_STRINGS_H 1
| #define HAVE_SYS_STAT_H 1
| #define HAVE_SYS_TYPES_H 1
| #define HAVE_UNISTD_H 1
| #define HAVE_SYS_SELECT_H 1
| #define HAVE_SYS_SOCKET_H 1
| #define HAVE_UTIME_H 1
| #define STDC_HEADERS 1
| #define HAVE_DLFCN_H 1
| #define LT_OBJDIR ".libs/"
| #define HAVE_CXX14 1
| #define HAVE_ERR_H 1
| #define HAVE_INTTYPES_H 1
| #define HAVE_UNISTD_H 1
| #define HAVE_STDINT_H 1
| #define HAVE_SYS_PARAM_H 1
| #define HAVE_SYS_RESOURCE_H 1
| #define HAVE__BOOL 1
| #define HAVE_STDBOOL_H 1
| #define HAVE_ALLOCA_H 1
| #define HAVE_ALLOCA 1
| #define HAVE_FSEEKO 1
| #define LSTAT_FOLLOWS_SLASHED_SYMLINK 1
| #define LSTAT_FOLLOWS_SLASHED_SYMLINK 1
| #define SELECT_TYPE_ARG1 int
| #define SELECT_TYPE_ARG234 (fd_set *)
| #define SELECT_TYPE_ARG5 (struct timeval *)
| #define HAVE_UTIME_NULL 1
| #define HAVE_VPRINTF 1
| #define HAVE_ERR 1
| #define HAVE_ERRX 1
| #define HAVE_WARN 1
| #define HAVE_WARNX 1
| #define HAVE_VASPRINTF 1
| #define HAVE_GETRUSAGE 1
| #define HAVE_STRLCPY 1
| #define HAVE_STRLCAT 1
| #define HAVE_PTHREAD 1
| #define HAVE_LIBSTDC__ 1
| /* end confdefs.h.  */
| as_fn_error 0 "missing STL queue class header" "21348" 5
| 
| #include <queue>
configure:21348: result: no
configure:21356: checking for set
configure:21356: gcc -c -g -O2   -I/usr/local/include conftest.c >&5
conftest.c:55:13: error: expected '=', ',', ';', 'asm' or '__attribute__' before numeric constant
   55 | as_fn_error 0 "missing STL set class header" "21356" 5
      |             ^
conftest.c:57:10: fatal error: set: No such file or directory
   57 | #include <set>
      |          ^~~~~
compilation terminated.
configure:21356: $? = 1
configure: failed program was:
| /* confdefs.h */
| #define PACKAGE_NAME "sleuthkit"
| #define PACKAGE_TARNAME "sleuthkit"
| #define PACKAGE_VERSION "4.14.0"
| #define PACKAGE_STRING "sleuthkit 4.14.0"
| #define PACKAGE_BUGREPORT ""
| #define PACKAGE_URL ""
| #define PACKAGE "sleuthkit"
| #define VERSION "4.14.0"
| #define HAVE_STDIO_H 1
| #define HAVE_STDLIB_H 1
| #define HAVE_STRING_H 1
| #define HAVE_INTTYPES_H 1
| #define HAVE_STDINT_H 1
| #define HAVE_STRINGS_H 1
| #define HAVE_SYS_STAT_H 1
| #define HAVE_SYS_TYPES_H 1
| #define HAVE_UNISTD_H 1
| #define HAVE_SYS_SELECT_H 1
| #define HAVE_SYS_SOCKET_H 1
| #define HAVE_UTIME_H 1
| #define STDC_HEADERS 1
| #define HAVE_DLFCN_H 1
| #define LT_OBJDIR ".libs/"
| #define HAVE_CXX14 1
| #define HAVE_ERR_H 1
| #define HAVE_INTTYPES_H 1
| #define HAVE_UNISTD_H 1
| #define HAVE_STDINT_H 1
| #define HAVE_SYS_PARAM_H 1
| #define HAVE_SYS_RESOURCE_H 1
| #define HAVE__BOOL 1
| #define HAVE_STDBOOL_H 1
| #define HAVE_ALLOCA_H 1
| #define HAVE_ALLOCA 1
| #define HAVE_FSEEKO 1
| #define LSTAT_FOLLOWS_SLASHED_SYMLINK 1
| #define LSTAT_FOLLOWS_SLASHED_SYMLINK 1
| #define SELECT_TYPE_ARG1 int
| #define SELECT_TYPE_ARG234 (fd_set *)
| #define SELECT_TYPE_ARG5 (struct timeval *)
| #define HAVE_UTIME_NULL 1
| #define HAVE_VPRINTF 1
| #define HAVE_ERR 1
| #define HAVE_ERRX 1
| #define HAVE_WARN 1
| #define HAVE_WARNX 1
| #define HAVE_VASPRINTF 1
| #define HAVE_GETRUSAGE 1
| #define HAVE_STRLCPY 1
| #define HAVE_STRLCAT 1
| #define HAVE_PTHREAD 1
| #define HAVE_LIBSTDC__ 1
| /* end confdefs.h.  */
| as_fn_error 0 "missing STL set class header" "21356" 5
| 
| #include <set>
configure:21356: result: no
configure:21364: checking for stack
configure:21364: gcc -c -g -O2   -I/usr/local/include conftest.c >&5
conftest.c:55:13: error: expected '=', ',', ';', 'asm' or '__attribute__' before numeric constant
   55 | as_fn_error 0 "missing STL stack class header" "21364" 5
      |             ^
conftest.c:57:10: fatal error: stack: No such file or directory
   57 | #include <stack>
      |          ^~~~~~~
compilation terminated.
configure:21364: $? = 1
configure: failed program was:
| /* confdefs.h */
| #define PACKAGE_NAME "sleuthkit"
| #define PACKAGE_TARNAME "sleuthkit"
| #define PACKAGE_VERSION "4.14.0"
| #define PACKAGE_STRING "sleuthkit 4.14.0"
| #define PACKAGE_BUGREPORT ""
| #define PACKAGE_URL ""
| #define PACKAGE "sleuthkit"
| #define VERSION "4.14.0"
| #define HAVE_STDIO_H 1
| #define HAVE_STDLIB_H 1
| #define HAVE_STRING_H 1
| #define HAVE_INTTYPES_H 1
| #define HAVE_STDINT_H 1
| #define HAVE_STRINGS_H 1
| #define HAVE_SYS_STAT_H 1
| #define HAVE_SYS_TYPES_H 1
| #define HAVE_UNISTD_H 1
| #define HAVE_SYS_SELECT_H 1
| #define HAVE_SYS_SOCKET_H 1
| #define HAVE_UTIME_H 1
| #define STDC_HEADERS 1
| #define HAVE_DLFCN_H 1
| #define LT_OBJDIR ".libs/"
| #define HAVE_CXX14 1
| #define HAVE_ERR_H 1
| #define HAVE_INTTYPES_H 1
| #define HAVE_UNISTD_H 1
| #define HAVE_STDINT_H 1
| #define HAVE_SYS_PARAM_H 1
| #define HAVE_SYS_RESOURCE_H 1
| #define HAVE__BOOL 1
| #define HAVE_STDBOOL_H 1
| #define HAVE_ALLOCA_H 1
| #define HAVE_ALLOCA 1
| #define HAVE_FSEEKO 1
| #define LSTAT_FOLLOWS_SLASHED_SYMLINK 1
| #define LSTAT_FOLLOWS_SLASHED_SYMLINK 1
| #define SELECT_TYPE_ARG1 int
| #define SELECT_TYPE_ARG234 (fd_set *)
| #define SELECT_TYPE_ARG5 (struct timeval *)
| #define HAVE_UTIME_NULL 1
| #define HAVE_VPRINTF 1
| #define HAVE_ERR 1
| #define HAVE_ERRX 1
| #define HAVE_WARN 1
| #define HAVE_WARNX 1
| #define HAVE_VASPRINTF 1
| #define HAVE_GETRUSAGE 1
| #define HAVE_STRLCPY 1
| #define HAVE_STRLCAT 1
| #define HAVE_PTHREAD 1
| #define HAVE_LIBSTDC__ 1
| /* end confdefs.h.  */
| as_fn_error 0 "missing STL stack class header" "21364" 5
| 
| #include <stack>
configure:21364: result: no
configure:21372: checking for streambuf
configure:21372: gcc -c -g -O2   -I/usr/local/include conftest.c >&5
conftest.c:55:13: error: expected '=', ',', ';', 'asm' or '__attribute__' before numeric constant
   55 | as_fn_error 0 "missing STL streambuf class header" "21372" 5
      |             ^
conftest.c:57:10: fatal error: streambuf: No such file or directory
   57 | #include <streambuf>
      |          ^~~~~~~~~~~
compilation terminated.
configure:21372: $? = 1
configure: failed program was:
| /* confdefs.h */
| #define PACKAGE_NAME "sleuthkit"
| #define PACKAGE_TARNAME "sleuthkit"
| #define PACKAGE_VERSION "4.14.0"
| #define PACKAGE_STRING "sleuthkit 4.14.0"
| #define PACKAGE_BUGREPORT ""
| #define PACKAGE_URL ""
| #define PACKAGE "sleuthkit"
| #define VERSION "4.14.0"
| #define HAVE_STDIO_H 1
| #define HAVE_STDLIB_H 1
| #define HAVE_STRING_H 1
| #define HAVE_INTTYPES_H 1
| #define HAVE_STDINT_H 1
| #define HAVE_STRINGS_H 1
| #define HAVE_SYS_STAT_H 1
| #define HAVE_SYS_TYPES_H 1
| #define HAVE_UNISTD_H 1
| #define HAVE_SYS_SELECT_H 1
| #define HAVE_SYS_SOCKET_H 1
| #define HAVE_UTIME_H 1
| #define STDC_HEADERS 1
| #define HAVE_DLFCN_H 1
| #define LT_OBJDIR ".libs/"
| #define HAVE_CXX14 1
| #define HAVE_ERR_H 1
| #define HAVE_INTTYPES_H 1
| #define HAVE_UNISTD_H 1
| #define HAVE_STDINT_H 1
| #define HAVE_SYS_PARAM_H 1
| #define HAVE_SYS_RESOURCE_H 1
| #define HAVE__BOOL 1
| #define HAVE_STDBOOL_H 1
| #define HAVE_ALLOCA_H 1
| #define HAVE_ALLOCA 1
| #define HAVE_FSEEKO 1
| #define LSTAT_FOLLOWS_SLASHED_SYMLINK 1
| #define LSTAT_FOLLOWS_SLASHED_SYMLINK 1
| #define SELECT_TYPE_ARG1 int
| #define SELECT_TYPE_ARG234 (fd_set *)
| #define SELECT_TYPE_ARG5 (struct timeval *)
| #define HAVE_UTIME_NULL 1
| #define HAVE_VPRINTF 1
| #define HAVE_ERR 1
| #define HAVE_ERRX 1
| #define HAVE_WARN 1
| #define HAVE_WARNX 1
| #define HAVE_VASPRINTF 1
| #define HAVE_GETRUSAGE 1
| #define HAVE_STRLCPY 1
| #define HAVE_STRLCAT 1
| #define HAVE_PTHREAD 1
| #define HAVE_LIBSTDC__ 1
| /* end confdefs.h.  */
| as_fn_error 0 "missing STL streambuf class header" "21372" 5
| 
| #include <streambuf>
configure:21372: result: no
configure:21380: checking for string
configure:21380: gcc -c -g -O2   -I/usr/local/include conftest.c >&5
conftest.c:55:13: error: expected '=', ',', ';', 'asm' or '__attribute__' before numeric constant
   55 | as_fn_error 0 "missing STL string class header" "21380" 5
      |             ^
conftest.c:57:10: fatal error: string: No such file or directory
   57 | #include <string>
      |          ^~~~~~~~
compilation terminated.
configure:21380: $? = 1
configure: failed program was:
| /* confdefs.h */
| #define PACKAGE_NAME "sleuthkit"
| #define PACKAGE_TARNAME "sleuthkit"
| #define PACKAGE_VERSION "4.14.0"
| #define PACKAGE_STRING "sleuthkit 4.14.0"
| #define PACKAGE_BUGREPORT ""
| #define PACKAGE_URL ""
| #define PACKAGE "sleuthkit"
| #define VERSION "4.14.0"
| #define HAVE_STDIO_H 1
| #define HAVE_STDLIB_H 1
| #define HAVE_STRING_H 1
| #define HAVE_INTTYPES_H 1
| #define HAVE_STDINT_H 1
| #define HAVE_STRINGS_H 1
| #define HAVE_SYS_STAT_H 1
| #define HAVE_SYS_TYPES_H 1
| #define HAVE_UNISTD_H 1
| #define HAVE_SYS_SELECT_H 1
| #define HAVE_SYS_SOCKET_H 1
| #define HAVE_UTIME_H 1
| #define STDC_HEADERS 1
| #define HAVE_DLFCN_H 1
| #define LT_OBJDIR ".libs/"
| #define HAVE_CXX14 1
| #define HAVE_ERR_H 1
| #define HAVE_INTTYPES_H 1
| #define HAVE_UNISTD_H 1
| #define HAVE_STDINT_H 1
| #define HAVE_SYS_PARAM_H 1
| #define HAVE_SYS_RESOURCE_H 1
| #define HAVE__BOOL 1
| #define HAVE_STDBOOL_H 1
| #define HAVE_ALLOCA_H 1
| #define HAVE_ALLOCA 1
| #define HAVE_FSEEKO 1
| #define LSTAT_FOLLOWS_SLASHED_SYMLINK 1
| #define LSTAT_FOLLOWS_SLASHED_SYMLINK 1
| #define SELECT_TYPE_ARG1 int
| #define SELECT_TYPE_ARG234 (fd_set *)
| #define SELECT_TYPE_ARG5 (struct timeval *)
| #define HAVE_UTIME_NULL 1
| #define HAVE_VPRINTF 1
| #define HAVE_ERR 1
| #define HAVE_ERRX 1
| #define HAVE_WARN 1
| #define HAVE_WARNX 1
| #define HAVE_VASPRINTF 1
| #define HAVE_GETRUSAGE 1
| #define HAVE_STRLCPY 1
| #define HAVE_STRLCAT 1
| #define HAVE_PTHREAD 1
| #define HAVE_LIBSTDC__ 1
| /* end confdefs.h.  */
| as_fn_error 0 "missing STL string class header" "21380" 5
| 
| #include <string>
configure:21380: result: no
configure:21388: checking for vector
configure:21388: gcc -c -g -O2   -I/usr/local/include conftest.c >&5
conftest.c:55:13: error: expected '=', ',', ';', 'asm' or '__attribute__' before numeric constant
   55 | as_fn_error 0 "missing STL vector class header" "21388" 5
      |             ^
conftest.c:57:10: fatal error: vector: No such file or directory
   57 | #include <vector>
      |          ^~~~~~~~
compilation terminated.
configure:21388: $? = 1
configure: failed program was:
| /* confdefs.h */
| #define PACKAGE_NAME "sleuthkit"
| #define PACKAGE_TARNAME "sleuthkit"
| #define PACKAGE_VERSION "4.14.0"
| #define PACKAGE_STRING "sleuthkit 4.14.0"
| #define PACKAGE_BUGREPORT ""
| #define PACKAGE_URL ""
| #define PACKAGE "sleuthkit"
| #define VERSION "4.14.0"
| #define HAVE_STDIO_H 1
| #define HAVE_STDLIB_H 1
| #define HAVE_STRING_H 1
| #define HAVE_INTTYPES_H 1
| #define HAVE_STDINT_H 1
| #define HAVE_STRINGS_H 1
| #define HAVE_SYS_STAT_H 1
| #define HAVE_SYS_TYPES_H 1
| #define HAVE_UNISTD_H 1
| #define HAVE_SYS_SELECT_H 1
| #define HAVE_SYS_SOCKET_H 1
| #define HAVE_UTIME_H 1
| #define STDC_HEADERS 1
| #define HAVE_DLFCN_H 1
| #define LT_OBJDIR ".libs/"
| #define HAVE_CXX14 1
| #define HAVE_ERR_H 1
| #define HAVE_INTTYPES_H 1
| #define HAVE_UNISTD_H 1
| #define HAVE_STDINT_H 1
| #define HAVE_SYS_PARAM_H 1
| #define HAVE_SYS_RESOURCE_H 1
| #define HAVE__BOOL 1
| #define HAVE_STDBOOL_H 1
| #define HAVE_ALLOCA_H 1
| #define HAVE_ALLOCA 1
| #define HAVE_FSEEKO 1
| #define LSTAT_FOLLOWS_SLASHED_SYMLINK 1
| #define LSTAT_FOLLOWS_SLASHED_SYMLINK 1
| #define SELECT_TYPE_ARG1 int
| #define SELECT_TYPE_ARG234 (fd_set *)
| #define SELECT_TYPE_ARG5 (struct timeval *)
| #define HAVE_UTIME_NULL 1
| #define HAVE_VPRINTF 1
| #define HAVE_ERR 1
| #define HAVE_ERRX 1
| #define HAVE_WARN 1
| #define HAVE_WARNX 1
| #define HAVE_VASPRINTF 1
| #define HAVE_GETRUSAGE 1
| #define HAVE_STRLCPY 1
| #define HAVE_STRLCAT 1
| #define HAVE_PTHREAD 1
| #define HAVE_LIBSTDC__ 1
| /* end confdefs.h.  */
| as_fn_error 0 "missing STL vector class header" "21388" 5
| 
| #include <vector>
configure:21388: result: no
configure:21411: checking for  sqlite3
configure:21418: $PKG_CONFIG --exists --print-errors " sqlite3"
Package sqlite3 was not found in the pkg-config search path.
Perhaps you should add the directory containing `sqlite3.pc'
to the PKG_CONFIG_PATH environment variable
Package 'sqlite3' not found
configure:21421: $? = 1
configure:21435: $PKG_CONFIG --exists --print-errors " sqlite3"
Package sqlite3 was not found in the pkg-config search path.
Perhaps you should add the directory containing `sqlite3.pc'
to the PKG_CONFIG_PATH environment variable
Package 'sqlite3' not found
configure:21438: $? = 1
configure:21452: result: no
Package 'sqlite3' not found
configure:21501: checking for dlopen in -ldl
configure:21530: gcc -o conftest -g -O2   -I/usr/local/include   -L/usr/local/lib conftest.c -ldl  -lstdc++  >&5
configure:21530: $? = 0
configure:21542: result: yes
configure:21555: checking for sqlite3.h
configure:21555: gcc -c -g -O2   -I/usr/local/include conftest.c >&5
conftest.c:84:10: fatal error: sqlite3.h: No such file or directory
   84 | #include <sqlite3.h>
      |          ^~~~~~~~~~~
compilation terminated.
configure:21555: $? = 1
configure: failed program was:
| /* confdefs.h */
| #define PACKAGE_NAME "sleuthkit"
| #define PACKAGE_TARNAME "sleuthkit"
| #define PACKAGE_VERSION "4.14.0"
| #define PACKAGE_STRING "sleuthkit 4.14.0"
| #define PACKAGE_BUGREPORT ""
| #define PACKAGE_URL ""
| #define PACKAGE "sleuthkit"
| #define VERSION "4.14.0"
| #define HAVE_STDIO_H 1
| #define HAVE_STDLIB_H 1
| #define HAVE_STRING_H 1
| #define HAVE_INTTYPES_H 1
| #define HAVE_STDINT_H 1
| #define HAVE_STRINGS_H 1
| #define HAVE_SYS_STAT_H 1
| #define HAVE_SYS_TYPES_H 1
| #define HAVE_UNISTD_H 1
| #define HAVE_SYS_SELECT_H 1
| #define HAVE_SYS_SOCKET_H 1
| #define HAVE_UTIME_H 1
| #define STDC_HEADERS 1
| #define HAVE_DLFCN_H 1
| #define LT_OBJDIR ".libs/"
| #define HAVE_CXX14 1
| #define HAVE_ERR_H 1
| #define HAVE_INTTYPES_H 1
| #define HAVE_UNISTD_H 1
| #define HAVE_STDINT_H 1
| #define HAVE_SYS_PARAM_H 1
| #define HAVE_SYS_RESOURCE_H 1
| #define HAVE__BOOL 1
| #define HAVE_STDBOOL_H 1
| #define HAVE_ALLOCA_H 1
| #define HAVE_ALLOCA 1
| #define HAVE_FSEEKO 1
| #define LSTAT_FOLLOWS_SLASHED_SYMLINK 1
| #define LSTAT_FOLLOWS_SLASHED_SYMLINK 1
| #define SELECT_TYPE_ARG1 int
| #define SELECT_TYPE_ARG234 (fd_set *)
| #define SELECT_TYPE_ARG5 (struct timeval *)
| #define HAVE_UTIME_NULL 1
| #define HAVE_VPRINTF 1
| #define HAVE_ERR 1
| #define HAVE_ERRX 1
| #define HAVE_WARN 1
| #define HAVE_WARNX 1
| #define HAVE_VASPRINTF 1
| #define HAVE_GETRUSAGE 1
| #define HAVE_STRLCPY 1
| #define HAVE_STRLCAT 1
| #define HAVE_PTHREAD 1
| #define HAVE_LIBSTDC__ 1
| #define HAVE_LIBDL 1
| /* end confdefs.h.  */
| #include <stddef.h>
| #ifdef HAVE_STDIO_H
| # include <stdio.h>
| #endif
| #ifdef HAVE_STDLIB_H
| # include <stdlib.h>
| #endif
| #ifdef HAVE_STRING_H
| # include <string.h>
| #endif
| #ifdef HAVE_INTTYPES_H
| # include <inttypes.h>
| #endif
| #ifdef HAVE_STDINT_H
| # include <stdint.h>
| #endif
| #ifdef HAVE_STRINGS_H
| # include <strings.h>
| #endif
| #ifdef HAVE_SYS_TYPES_H
| # include <sys/types.h>
| #endif
| #ifdef HAVE_SYS_STAT_H
| # include <sys/stat.h>
| #endif
| #ifdef HAVE_UNISTD_H
| # include <unistd.h>
| #endif
| #include <sqlite3.h>
configure:21555: result: no
configure:21618: checking which sqlite3 to use
configure:21626: result: bundled
configure:23199: checking for  cppunit >= 1.12.1
configure:23206: $PKG_CONFIG --exists --print-errors " cppunit >= 1.12.1"
Package cppunit was not found in the pkg-config search path.
Perhaps you should add the directory containing `cppunit.pc'
to the PKG_CONFIG_PATH environment variable
Package 'cppunit' not found
configure:23209: $? = 1
configure:23223: $PKG_CONFIG --exists --print-errors " cppunit >= 1.12.1"
Package cppunit was not found in the pkg-config search path.
Perhaps you should add the directory containing `cppunit.pc'
to the PKG_CONFIG_PATH environment variable
Package 'cppunit' not found
configure:23226: $? = 1
configure:23240: result: no
Package 'cppunit' not found
configure:23318: checking for cppunit-config
configure:23355: result: no
configure:23365: checking for Cppunit - version >= 1.12.1
configure:23369: result: no
configure:23438: checking for TestRunner in -lcppunit
configure:23463: g++ -std=c++14 -o conftest -g -O2   -I/usr/local/include  conftest.cpp -ldl -lstdc++  >&5
conftest.cpp:56:10: fatal error: cppunit/ui/text/TestRunner.h: No such file or directory
   56 | #include <cppunit/ui/text/TestRunner.h>
      |          ^~~~~~~~~~~~~~~~~~~~~~~~~~~~~~
compilation terminated.
configure:23463: $? = 1
configure: failed program was:
| /* confdefs.h */
| #define PACKAGE_NAME "sleuthkit"
| #define PACKAGE_TARNAME "sleuthkit"
| #define PACKAGE_VERSION "4.14.0"
| #define PACKAGE_STRING "sleuthkit 4.14.0"
| #define PACKAGE_BUGREPORT ""
| #define PACKAGE_URL ""
| #define PACKAGE "sleuthkit"
| #define VERSION "4.14.0"
| #define HAVE_STDIO_H 1
| #define HAVE_STDLIB_H 1
| #define HAVE_STRING_H 1
| #define HAVE_INTTYPES_H 1
| #define HAVE_STDINT_H 1
| #define HAVE_STRINGS_H 1
| #define HAVE_SYS_STAT_H 1
| #define HAVE_SYS_TYPES_H 1
| #define HAVE_UNISTD_H 1
| #define HAVE_SYS_SELECT_H 1
| #define HAVE_SYS_SOCKET_H 1
| #define HAVE_UTIME_H 1
| #define STDC_HEADERS 1
| #define HAVE_DLFCN_H 1
| #define LT_OBJDIR ".libs/"
| #define HAVE_CXX14 1
| #define HAVE_ERR_H 1
| #define HAVE_INTTYPES_H 1
| #define HAVE_UNISTD_H 1
| #define HAVE_STDINT_H 1
| #define HAVE_SYS_PARAM_H 1
| #define HAVE_SYS_RESOURCE_H 1
| #define HAVE__BOOL 1
| #define HAVE_STDBOOL_H 1
| #define HAVE_ALLOCA_H 1
| #define HAVE_ALLOCA 1
| #define HAVE_FSEEKO 1
| #define LSTAT_FOLLOWS_SLASHED_SYMLINK 1
| #define LSTAT_FOLLOWS_SLASHED_SYMLINK 1
| #define SELECT_TYPE_ARG1 int
| #define SELECT_TYPE_ARG234 (fd_set *)
| #define SELECT_TYPE_ARG5 (struct timeval *)
| #define HAVE_UTIME_NULL 1
| #define HAVE_VPRINTF 1
| #define HAVE_ERR 1
| #define HAVE_ERRX 1
| #define HAVE_WARN 1
| #define HAVE_WARNX 1
| #define HAVE_VASPRINTF 1
| #define HAVE_GETRUSAGE 1
| #define HAVE_STRLCPY 1
| #define HAVE_STRLCAT 1
| #define HAVE_PTHREAD 1
| #define HAVE_LIBSTDC__ 1
| #define HAVE_LIBDL 1
| /* end confdefs.h.  */
| #include <cppunit/ui/text/TestRunner.h>
| int
| main (void)
| {
| CppUnit::TextUi::TestRunner();
|   ;
|   return 0;
| }
configure:23482: result: no
configure:24301: checking if libtool needs -no-undefined flag to build shared libraries
configure:24311: result: no
configure:24316: checking for getline
configure:24316: gcc -o conftest -g -O2   -I/usr/local/include   -L/usr/local/lib conftest.c -ldl -lstdc++  >&5
configure:24316: $? = 0
configure:24316: result: yes
configure:24323: checking for library containing regexec
configure:24359: gcc -o conftest -g -O2   -I/usr/local/include   -L/usr/local/lib conftest.c -ldl -lstdc++  >&5
configure:24359: $? = 0
configure:24381: result: none required
configure:24509: checking that generated files are newer than configure
configure:24515: result: done
configure:24576: creating ./config.status

## ---------------------- ##
## Running config.status. ##
## ---------------------- ##

This file was extended by sleuthkit config.status 4.14.0, which was
generated by GNU Autoconf 2.72.  Invocation command line was

  CONFIG_FILES    = 
  CONFIG_HEADERS  = 
  CONFIG_LINKS    = 
  CONFIG_COMMANDS = 
  $ ./config.status 

on morty

config.status:1250: creating Makefile
config.status:1250: creating tsk/Makefile
config.status:1250: creating tsk/base/Makefile
config.status:1250: creating tsk/img/Makefile
config.status:1250: creating tsk/vs/Makefile
config.status:1250: creating tsk/fs/Makefile
config.status:1250: creating tsk/hashdb/Makefile
config.status:1250: creating tsk/auto/Makefile
config.status:1250: creating tsk/pool/Makefile
config.status:1250: creating tsk/util/Makefile
config.status:1250: creating tsk/util/Bitlocker/Makefile
config.status:1250: creating tsk/tsk_config.h
config.status:1431: tsk/tsk_config.h is unchanged
config.status:1479: executing depfiles commands
config.status:1556: cd tsk/base       && sed -e '/# am--include-marker/d' Makefile         | make -f - am--depfiles
make: Nothing to be done for 'am--depfiles'.
config.status:1561: $? = 0
config.status:1556: cd tsk/img       && sed -e '/# am--include-marker/d' Makefile         | make -f - am--depfiles
make: Nothing to be done for 'am--depfiles'.
config.status:1561: $? = 0
config.status:1556: cd tsk/vs       && sed -e '/# am--include-marker/d' Makefile         | make -f - am--depfiles
make: Nothing to be done for 'am--depfiles'.
config.status:1561: $? = 0
config.status:1556: cd tsk/fs       && sed -e '/# am--include-marker/d' Makefile         | make -f - am--depfiles
make: Nothing to be done for 'am--depfiles'.
config.status:1561: $? = 0
config.status:1556: cd tsk/hashdb       && sed -e '/# am--include-marker/d' Makefile         | make -f - am--depfiles
make: Nothing to be done for 'am--depfiles'.
config.status:1561: $? = 0
config.status:1556: cd tsk/auto       && sed -e '/# am--include-marker/d' Makefile         | make -f - am--depfiles
make: Nothing to be done for 'am--depfiles'.
config.status:1561: $? = 0
config.status:1556: cd tsk/pool       && sed -e '/# am--include-marker/d' Makefile         | make -f - am--depfiles
make: Nothing to be done for 'am--depfiles'.
config.status:1561: $? = 0
config.status:1556: cd tsk/util       && sed -e '/# am--include-marker/d' Makefile         | make -f - am--depfiles
make: Nothing to be done for 'am--depfiles'.
config.status:1561: $? = 0
config.status:1556: cd tsk/util/Bitlocker       && sed -e '/# am--include-marker/d' Makefile         | make -f - am--depfiles
make: Nothing to be done for 'am--depfiles'.
config.status:1561: $? = 0
config.status:1479: executing libtool commands
config.status:1479: executing tsk/tsk_incs.h commands
configure:27029: WARNING: unrecognized options: --without-libcrypto
configure:27034:
Building:
   afflib support:                        no
   libewf support:                        no
   zlib support:                          no

   libbfio support:                       no
   libvhdi support:                       no
   libvmdk support:                       no
   libvslvm support:                      no
Features:
   Java/JNI support:                      no
   Multithreading:                        no


## ---------------- ##
## Cache variables. ##
## ---------------- ##

ac_cv_build=x86_64-pc-linux-gnu
ac_cv_c_compiler_gnu=yes
ac_cv_c_const=yes
ac_cv_cppunit=no
ac_cv_cxx_compiler_gnu=yes
ac_cv_env_CCC_set=
ac_cv_env_CCC_value=
ac_cv_env_CC_set=
ac_cv_env_CC_value=
ac_cv_env_CFLAGS_set=
ac_cv_env_CFLAGS_value=
ac_cv_env_CPPFLAGS_set=
ac_cv_env_CPPFLAGS_value=
ac_cv_env_CPPUNIT_CFLAGS_set=
ac_cv_env_CPPUNIT_CFLAGS_value=
ac_cv_env_CPPUNIT_LIBS_set=
ac_cv_env_CPPUNIT_LIBS_value=
ac_cv_env_CPP_set=
ac_cv_env_CPP_value=
ac_cv_env_CXXCPP_set=
ac_cv_env_CXXCPP_value=
ac_cv_env_CXXFLAGS_set=
ac_cv_env_CXXFLAGS_value=
ac_cv_env_CXX_set=
ac_cv_env_CXX_value=
ac_cv_env_EWF_CFLAGS_set=
ac_cv_env_EWF_CFLAGS_value=
ac_cv_env_EWF_LIBS_set=
ac_cv_env_EWF_LIBS_value=
ac_cv_env_LDFLAGS_set=
ac_cv_env_LDFLAGS_value=
ac_cv_env_LIBS_set=
ac_cv_env_LIBS_value=
ac_cv_env_LT_SYS_LIBRARY_PATH_set=
ac_cv_env_LT_SYS_LIBRARY_PATH_value=
ac_cv_env_LVM_CFLAGS_set=
ac_cv_env_LVM_CFLAGS_value=
ac_cv_env_LVM_LIBS_set=
ac_cv_env_LVM_LIBS_value=
ac_cv_env_PKG_CONFIG_LIBDIR_set=
ac_cv_env_PKG_CONFIG_LIBDIR_value=
ac_cv_env_PKG_CONFIG_PATH_set=
ac_cv_env_PKG_CONFIG_PATH_value=
ac_cv_env_PKG_CONFIG_set=
ac_cv_env_PKG_CONFIG_value=
ac_cv_env_SQLITE3_CFLAGS_set=
ac_cv_env_SQLITE3_CFLAGS_value=
ac_cv_env_SQLITE3_LIBS_set=
ac_cv_env_SQLITE3_LIBS_value=
ac_cv_env_VHDI_CFLAGS_set=
ac_cv_env_VHDI_CFLAGS_value=
ac_cv_env_VHDI_LIBS_set=
ac_cv_env_VHDI_LIBS_value=
ac_cv_env_VMDK_CFLAGS_set=
ac_cv_env_VMDK_CFLAGS_value=
ac_cv_env_VMDK_LIBS_set=
ac_cv_env_VMDK_LIBS_value=
ac_cv_env_ZLIB_CFLAGS_set=
ac_cv_env_ZLIB_CFLAGS_value=
ac_cv_env_ZLIB_LIBS_set=
ac_cv_env_ZLIB_LIBS_value=
ac_cv_env_build_alias_set=
ac_cv_env_build_alias_value=
ac_cv_env_host_alias_set=
ac_cv_env_host_alias_value=
ac_cv_env_target_alias_set=
ac_cv_env_target_alias_value=
ac_cv_func_alloca_works=yes
ac_cv_func_err=yes
ac_cv_func_errx=yes
ac_cv_func_fseeko_ftello=yes
ac_cv_func_getline=yes
ac_cv_func_getrusage=yes
ac_cv_func_ishexnumber=no
ac_cv_func_lstat_dereferences_slashed_symlink=yes
ac_cv_func_lstat_empty_string_bug=no
ac_cv_func_select_args='int,fd_set *,struct timeval *'
ac_cv_func_strlcat=yes
ac_cv_func_strlcpy=yes
ac_cv_func_utime_null=yes
ac_cv_func_vasprintf=yes
ac_cv_func_vprintf=yes
ac_cv_func_warn=yes
ac_cv_func_warnx=yes
ac_cv_header_dlfcn_h=yes
ac_cv_header_err_h=yes
ac_cv_header_inttypes_h=yes
ac_cv_header_list=no
ac_cv_header_map=no
ac_cv_header_queue=no
ac_cv_header_set=no
ac_cv_header_sqlite3_h=no
ac_cv_header_stack=no
ac_cv_header_stdbool_h=yes
ac_cv_header_stdint_h=yes
ac_cv_header_stdio_h=yes
ac_cv_header_stdlib_h=yes
ac_cv_header_streambuf=no
ac_cv_header_string=no
ac_cv_header_string_h=yes
ac_cv_header_strings_h=yes
ac_cv_header_sys_param_h=yes
ac_cv_header_sys_resource_h=yes
ac_cv_header_sys_select_h=yes
ac_cv_header_sys_socket_h=yes
ac_cv_header_sys_stat_h=yes
ac_cv_header_sys_types_h=yes
ac_cv_header_unistd_h=yes
ac_cv_header_utime_h=yes
ac_cv_header_vector=no
ac_cv_host=x86_64-pc-linux-gnu
ac_cv_lib_dl_dlopen=yes
ac_cv_lib_error_at_line=yes
ac_cv_lib_stdcpp_main=yes
ac_cv_objext=o
ac_cv_path_CPPUNIT_CONFIG=no
ac_cv_path_EGREP='/usr/bin/grep -E'
ac_cv_path_EGREP_TRADITIONAL='/usr/bin/grep -E'
ac_cv_path_FGREP='/usr/bin/grep -F'
ac_cv_path_GREP=/usr/bin/grep
ac_cv_path_PERL=/usr/bin/perl
ac_cv_path_SED=/usr/bin/sed
ac_cv_path_ac_pt_PKG_CONFIG=/usr/bin/pkg-config
ac_cv_path_install='/usr/bin/install -c'
ac_cv_path_lt_DD=/usr/bin/dd
ac_cv_path_mkdir=/usr/bin/mkdir
ac_cv_prog_AWK=gawk
ac_cv_prog_CPP='gcc -E'
ac_cv_prog_CXXCPP='g++ -E'
ac_cv_prog_PKGCONFIG=yes
ac_cv_prog_ac_ct_AR=ar
ac_cv_prog_ac_ct_CC=gcc
ac_cv_prog_ac_ct_CXX=g++
ac_cv_prog_ac_ct_FILECMD=file
ac_cv_prog_ac_ct_OBJDUMP=objdump
ac_cv_prog_ac_ct_RANLIB=ranlib
ac_cv_prog_ac_ct_STRIP=strip
ac_cv_prog_cc_c11=
ac_cv_prog_cc_g=yes
ac_cv_prog_cc_stdc=
ac_cv_prog_cxx_cxx11=
ac_cv_prog_cxx_g=yes
ac_cv_prog_cxx_stdcxx=
ac_cv_prog_make_make_set=yes
ac_cv_search_regexec='none required'
ac_cv_sys_largefile_opts='none needed'
ac_cv_type__Bool=yes
ac_cv_type_gid_t=yes
ac_cv_type_mode_t=yes
ac_cv_type_off_t=yes
ac_cv_type_size_t=yes
ac_cv_type_uid_t=yes
ac_cv_working_alloca_h=yes
am_cv_CC_dependencies_compiler_type=gcc3
am_cv_CXX_dependencies_compiler_type=gcc3
am_cv_make_support_nested_variables=yes
am_cv_prog_cc_c_o=yes
am_cv_prog_tar_ustar=gnutar
ax_cv_cppunit=no
ax_cv_cxx_compile_cxx14__std_cpp14=yes
lt_cv_ar_at_file=@
lt_cv_archive_cmds_need_lc=no
lt_cv_deplibs_check_method=pass_all
lt_cv_file_magic_cmd='$MAGIC_CMD'
lt_cv_file_magic_test_file=
lt_cv_ld_reload_flag=-r
lt_cv_nm_interface='BSD nm'
lt_cv_objdir=.libs
lt_cv_path_LD=/usr/bin/ld
lt_cv_path_LDCXX='/usr/bin/ld -m elf_x86_64'
lt_cv_path_NM='/usr/bin/nm -B'
lt_cv_path_mainfest_tool=no
lt_cv_prog_compiler_c_o=yes
lt_cv_prog_compiler_c_o_CXX=yes
lt_cv_prog_compiler_pic='-fPIC -DPIC'
lt_cv_prog_compiler_pic_CXX='-fPIC -DPIC'
lt_cv_prog_compiler_pic_works=yes
lt_cv_prog_compiler_pic_works_CXX=yes
lt_cv_prog_compiler_rtti_exceptions=no
lt_cv_prog_compiler_static_works=no
lt_cv_prog_compiler_static_works_CXX=no
lt_cv_prog_gnu_ld=yes
lt_cv_prog_gnu_ldcxx=yes
lt_cv_sharedlib_from_linklib_cmd='printf %s\n'
lt_cv_shlibpath_overrides_runpath=yes
lt_cv_sys_global_symbol_pipe='/usr/bin/sed -n -e '\''s/^.*[	 ]\([ABCDGIRSTW][ABCDGIRSTW]*\)[	 ][	 ]*\([_A-Za-z][_A-Za-z0-9]*\)$/\1 \2 \2/p'\'' | /usr/bin/sed '\''/ __gnu_lto/d'\'''
lt_cv_sys_global_symbol_to_c_name_address='/usr/bin/sed -n -e '\''s/^: \(.*\) .*$/  {"\1", (void *) 0},/p'\'' -e '\''s/^[ABCDGIRSTW][ABCDGIRSTW]* .* \(.*\)$/  {"\1", (void *) \&\1},/p'\'''
lt_cv_sys_global_symbol_to_c_name_address_lib_prefix='/usr/bin/sed -n -e '\''s/^: \(.*\) .*$/  {"\1", (void *) 0},/p'\'' -e '\''s/^[ABCDGIRSTW][ABCDGIRSTW]* .* \(lib.*\)$/  {"\1", (void *) \&\1},/p'\'' -e '\''s/^[ABCDGIRSTW][ABCDGIRSTW]* .* \(.*\)$/  {"lib\1", (void *) \&\1},/p'\'''
lt_cv_sys_global_symbol_to_cdecl='/usr/bin/sed -n -e '\''s/^T .* \(.*\)$/extern int \1();/p'\'' -e '\''s/^[ABCDGIRSTW][ABCDGIRSTW]* .* \(.*\)$/extern char \1;/p'\'''
lt_cv_sys_global_symbol_to_import=
lt_cv_sys_max_cmd_len=1572864
lt_cv_to_host_file_cmd=func_convert_file_noop
lt_cv_to_tool_file_cmd=func_convert_file_noop
lt_cv_truncate_bin='/usr/bin/dd bs=4096 count=1'

## ----------------- ##
## Output variables. ##
## ----------------- ##

ACLOCAL='${SHELL} '\''/home/lordyesta/Projects/pytsk/sleuthkit/config/missing'\'' aclocal-1.16'
ALLOCA=''
AMDEPBACKSLASH='\'
AMDEP_FALSE='#'
AMDEP_TRUE=''
AMTAR='$${TAR-tar}'
AM_BACKSLASH='\'
AM_CFLAGS='-Wall -Wextra -Wno-unused-parameter'
AM_CXXFLAGS='-Wall -Wextra -Wno-unused-parameter'
AM_DEFAULT_V='$(AM_DEFAULT_VERBOSITY)'
AM_DEFAULT_VERBOSITY='1'
AM_V='$(V)'
ANT_FOUND=''
AR='ar'
AUTOCONF='${SHELL} '\''/home/lordyesta/Projects/pytsk/sleuthkit/config/missing'\'' autoconf'
AUTOHEADER='${SHELL} '\''/home/lordyesta/Projects/pytsk/sleuthkit/config/missing'\'' autoheader'
AUTOMAKE='${SHELL} '\''/home/lordyesta/Projects/pytsk/sleuthkit/config/missing'\'' automake-1.16'
AWK='gawk'
AX_PACKAGE_REQUIRES=' '
AX_PACKAGE_REQUIRES_PRIVATE=''
CC='gcc'
CCDEPMODE='depmode=gcc3'
CFLAGS='-g -O2'
CPP='gcc -E'
CPPFLAGS='  -I/usr/local/include'
CPPUNIT_CFLAGS=''
CPPUNIT_CONFIG='no'
CPPUNIT_FALSE=''
CPPUNIT_LIBS=''
CPPUNIT_TRUE='#'
CSCOPE='cscope'
CTAGS='ctags'
CXX='g++ -std=c++14'
CXXCPP='g++ -E -std=c++14'
CXXDEPMODE='depmode=gcc3'
CXXFLAGS='-g -O2'
CYGPATH_W='echo'
DEFS='-DHAVE_CONFIG_H'
DEPDIR='.deps'
DLLTOOL='false'
DSYMUTIL=''
DUMPBIN=''
ECHO_C=''
ECHO_N='-n'
ECHO_T=''
EGREP='/usr/bin/grep -E'
ETAGS='etags'
EWF_CFLAGS=''
EWF_LIBS=''
EXEEXT=''
FGREP='/usr/bin/grep -F'
FILECMD='file'
GREP='/usr/bin/grep'
HAVE_CPPUNIT_FALSE=''
HAVE_CPPUNIT_TRUE='#'
HAVE_CXX14='1'
HAVE_LIBSQLITE3_FALSE=''
HAVE_LIBSQLITE3_TRUE='#'
IGNORE='  cppunit >= 1.12.1'
INSTALL_DATA='${INSTALL} -m 644'
INSTALL_PROGRAM='${INSTALL}'
INSTALL_SCRIPT='${INSTALL}'
INSTALL_STRIP_PROGRAM='$(install_sh) -c -s'
JAVA=''
JAVAC=''
JNI_CPPFLAGS=''
LD='/usr/bin/ld -m elf_x86_64'
LDFLAGS='  -L/usr/local/lib'
LIBOBJS=''
LIBS='-ldl -lstdc++ '
LIBTOOL='$(SHELL) $(top_builddir)/libtool'
LIBTSK_LDFLAGS=''
LIPO=''
LN_S='ln -s'
LTLIBOBJS=''
LT_SYS_LIBRARY_PATH=''
LVM_CFLAGS=''
LVM_LIBS=''
MAINT='#'
MAINTAINER_MODE_FALSE=''
MAINTAINER_MODE_TRUE='#'
MAKEINFO='${SHELL} '\''/home/lordyesta/Projects/pytsk/sleuthkit/config/missing'\'' makeinfo'
MANIFEST_TOOL=':'
MKDIR_P='/usr/bin/mkdir -p'
NM='/usr/bin/nm -B'
NMEDIT=''
OBJDUMP='objdump'
OBJEXT='o'
OFFLINE_FALSE=''
OFFLINE_TRUE='#'
OTOOL64=''
OTOOL=''
PACKAGE='sleuthkit'
PACKAGE_BUGREPORT=''
PACKAGE_LIBS_PRIVATE=''
PACKAGE_NAME='sleuthkit'
PACKAGE_STRING='sleuthkit 4.14.0'
PACKAGE_TARNAME='sleuthkit'
PACKAGE_URL=''
PACKAGE_VERSION='4.14.0'
PATH_SEPARATOR=':'
PERL='/usr/bin/perl'
PKGCONFIG='yes'
PKG_CONFIG='/usr/bin/pkg-config'
PKG_CONFIG_LIBDIR=''
PKG_CONFIG_PATH=''
PTHREAD_CC='gcc'
PTHREAD_CFLAGS=''
PTHREAD_LIBS=''
RANLIB='ranlib'
SED='/usr/bin/sed'
SET_MAKE=''
SHELL='/bin/sh'
SQLITE3_CFLAGS=''
SQLITE3_LIBS=''
STRIP='strip'
VERSION='4.14.0'
VHDI_CFLAGS=''
VHDI_LIBS=''
VMDK_CFLAGS=''
VMDK_LIBS=''
X_JNI_FALSE=''
X_JNI_TRUE='#'
ZLIB_CFLAGS=''
ZLIB_LIBS=''
_ACJNI_JAVAC=''
ac_ct_AR='ar'
ac_ct_CC='gcc'
ac_ct_CXX='g++'
ac_ct_DUMPBIN=''
am__EXEEXT_FALSE=''
am__EXEEXT_TRUE='#'
am__fastdepCC_FALSE='#'
am__fastdepCC_TRUE=''
am__fastdepCXX_FALSE='#'
am__fastdepCXX_TRUE=''
am__include='include'
am__isrc=''
am__leading_dot='.'
am__nodep='_no'
am__quote=''
am__tar='tar --format=ustar -chf - "$$tardir"'
am__untar='tar -xf -'
ax_pthread_config=''
bindir='${exec_prefix}/bin'
build='x86_64-pc-linux-gnu'
build_alias=''
build_cpu='x86_64'
build_os='linux-gnu'
build_vendor='pc'
datadir='${datarootdir}'
datarootdir='${prefix}/share'
docdir='${datarootdir}/doc/${PACKAGE_TARNAME}'
dvidir='${docdir}'
exec_prefix='${prefix}'
host='x86_64-pc-linux-gnu'
host_alias=''
host_cpu='x86_64'
host_os='linux-gnu'
host_vendor='pc'
htmldir='${docdir}'
includedir='${prefix}/include'
infodir='${datarootdir}/info'
install_sh='${SHELL} /home/lordyesta/Projects/pytsk/sleuthkit/config/install-sh'
libdir='${exec_prefix}/lib'
libexecdir='${exec_prefix}/libexec'
localedir='${datarootdir}/locale'
localstatedir='${prefix}/var'
mandir='${datarootdir}/man'
mkdir_p='$(MKDIR_P)'
oldincludedir='/usr/include'
pdfdir='${docdir}'
prefix='/usr/local'
program_transform_name='s,x,x,'
psdir='${docdir}'
runstatedir='${localstatedir}/run'
sbindir='${exec_prefix}/sbin'
sharedstatedir='${prefix}/com'
sysconfdir='${prefix}/etc'
target_alias=''
uudecode=''

## ----------- ##
## confdefs.h. ##
## ----------- ##

/* confdefs.h */
#define PACKAGE_NAME "sleuthkit"
#define PACKAGE_TARNAME "sleuthkit"
#define PACKAGE_VERSION "4.14.0"
#define PACKAGE_STRING "sleuthkit 4.14.0"
#define PACKAGE_BUGREPORT ""
#define PACKAGE_URL ""
#define PACKAGE "sleuthkit"
#define VERSION "4.14.0"
#define HAVE_STDIO_H 1
#define HAVE_STDLIB_H 1
#define HAVE_STRING_H 1
#define HAVE_INTTYPES_H 1
#define HAVE_STDINT_H 1
#define HAVE_STRINGS_H 1
#define HAVE_SYS_STAT_H 1
#define HAVE_SYS_TYPES_H 1
#define HAVE_UNISTD_H 1
#define HAVE_SYS_SELECT_H 1
#define HAVE_SYS_SOCKET_H 1
#define HAVE_UTIME_H 1
#define STDC_HEADERS 1
#define HAVE_DLFCN_H 1
#define LT_OBJDIR ".libs/"
#define HAVE_CXX14 1
#define HAVE_ERR_H 1
#define HAVE_INTTYPES_H 1
#define HAVE_UNISTD_H 1
#define HAVE_STDINT_H 1
#define HAVE_SYS_PARAM_H 1
#define HAVE_SYS_RESOURCE_H 1
#define HAVE__BOOL 1
#define HAVE_STDBOOL_H 1
#define HAVE_ALLOCA_H 1
#define HAVE_ALLOCA 1
#define HAVE_FSEEKO 1
#define LSTAT_FOLLOWS_SLASHED_SYMLINK 1
#define LSTAT_FOLLOWS_SLASHED_SYMLINK 1
#define SELECT_TYPE_ARG1 int
#define SELECT_TYPE_ARG234 (fd_set *)
#define SELECT_TYPE_ARG5 (struct timeval *)
#define HAVE_UTIME_NULL 1
#define HAVE_VPRINTF 1
#define HAVE_ERR 1
#define HAVE_ERRX 1
#define HAVE_WARN 1
#define HAVE_WARNX 1
#define HAVE_VASPRINTF 1
#define HAVE_GETRUSAGE 1
#define HAVE_STRLCPY 1
#define HAVE_STRLCAT 1
#define HAVE_PTHREAD 1
#define HAVE_LIBSTDC__ 1
#define HAVE_LIBDL 1
#define HAVE_GETLINE 1

configure: exit 0
